[00:00:14] [Server thread/INFO]: [trololol72: Set own game mode to Creative Mode]
[00:00:18] [Server thread/INFO]: [trololol72: Set own game mode to Spectator Mode]
[00:00:24] [Server thread/INFO]: [trololol72: Set own game mode to Creative Mode]
[00:00:34] [Server thread/INFO]: trololol72 issued server command: /effect give @a minecraft:night_vision infinite 1 true
[00:00:34] [Server thread/INFO]: [trololol72: Applied effect Night Vision to trololol72]
[00:00:39] [Server thread/INFO]: trololol72 issued server command: //schem load mine
[00:00:41] [Server thread/INFO]: trololol72 issued server command: //paste
[00:00:44] [Server thread/INFO]: trololol72 issued server command: //undo
[00:00:46] [Server thread/INFO]: trololol72 issued server command: //schem load mine
[00:00:57] [Server thread/INFO]: trololol72 issued server command: /tpb lab
[00:01:01] [AsyncNotifyKeyedQueue - 9/ERROR]: Error occurred executing player action
java.lang.NullPointerException: Cannot invoke "java.nio.MappedByteBuffer.getChar(int)" because "this.byteBuffer" is null
	at FastAsyncWorldEdit-Paper-2.15.0.jar//com.fastasyncworldedit.core.extent.clipboard.DiskOptimizedClipboard.getBlock(DiskOptimizedClipboard.java:704) ~[?:?]
	at FastAsyncWorldEdit-Paper-2.15.0.jar//com.fastasyncworldedit.core.extent.clipboard.DiskOptimizedClipboard.getBlock(DiskOptimizedClipboard.java:713) ~[?:?]
	at FastAsyncWorldEdit-Paper-2.15.0.jar//com.fastasyncworldedit.core.extent.clipboard.DiskOptimizedClipboard.getFullBlock(DiskOptimizedClipboard.java:659) ~[?:?]
	at FastAsyncWorldEdit-Paper-2.15.0.jar//com.sk89q.worldedit.extent.clipboard.BlockArrayClipboard.getFullBlock(BlockArrayClipboard.java:184) ~[?:?]
	at FastAsyncWorldEdit-Paper-2.15.0.jar//com.fastasyncworldedit.core.function.block.SimpleBlockCopy.apply(SimpleBlockCopy.java:20) ~[?:?]
	at FastAsyncWorldEdit-Paper-2.15.0.jar//com.sk89q.worldedit.function.visitor.RegionVisitor.apply(RegionVisitor.java:172) ~[?:?]
	at FastAsyncWorldEdit-Paper-2.15.0.jar//com.sk89q.worldedit.function.visitor.RegionVisitor.resume(RegionVisitor.java:113) ~[?:?]
	at FastAsyncWorldEdit-Paper-2.15.0.jar//com.sk89q.worldedit.function.operation.Operations.completeBlindly(Operations.java:74) ~[?:?]
	at FastAsyncWorldEdit-Paper-2.15.0.jar//com.sk89q.worldedit.function.operation.ForwardExtentCopy.resume(ForwardExtentCopy.java:432) ~[?:?]
	at FastAsyncWorldEdit-Paper-2.15.0.jar//com.sk89q.worldedit.function.operation.Operations.completeLegacy(Operations.java:55) ~[?:?]
	at FastAsyncWorldEdit-Paper-2.15.0.jar//com.sk89q.worldedit.command.tool.brush.ClipboardBrush.build(ClipboardBrush.java:112) ~[?:?]
	at FastAsyncWorldEdit-Paper-2.15.0.jar//com.sk89q.worldedit.command.tool.BrushTool.act(BrushTool.java:481) ~[?:?]
	at FastAsyncWorldEdit-Paper-2.15.0.jar//com.sk89q.worldedit.command.tool.BrushTool.actSecondary(BrushTool.java:502) ~[?:?]
	at FastAsyncWorldEdit-Paper-2.15.0.jar//com.sk89q.worldedit.extension.platform.PlatformManager.lambda$handlePlayerInput$5(PlatformManager.java:513) ~[?:?]
	at FastAsyncWorldEdit-Paper-2.15.0.jar//com.sk89q.worldedit.extension.platform.AbstractPlayerActor.lambda$runAction$2(AbstractPlayerActor.java:717) ~[?:?]
	at FastAsyncWorldEdit-Paper-2.15.0.jar//com.fastasyncworldedit.core.util.task.AsyncNotifyKeyedQueue.lambda$run$0(AsyncNotifyKeyedQueue.java:48) ~[?:?]
	at FastAsyncWorldEdit-Paper-2.15.0.jar//com.fastasyncworldedit.core.util.task.AsyncNotifyKeyedQueue.lambda$call$1(AsyncNotifyKeyedQueue.java:58) ~[?:?]
	at java.base/java.util.concurrent.FutureTask.run(FutureTask.java:328) ~[?:?]
	at FastAsyncWorldEdit-Paper-2.15.0.jar//com.fastasyncworldedit.core.util.task.KeyQueuedExecutorService$KeyRunner.lambda$run$0(KeyQueuedExecutorService.java:150) ~[?:?]
	at java.base/java.util.concurrent.ForkJoinTask$RunnableExecuteAction.compute(ForkJoinTask.java:1750) ~[?:?]
	at java.base/java.util.concurrent.ForkJoinTask$RunnableExecuteAction.compute(ForkJoinTask.java:1742) ~[?:?]
	at java.base/java.util.concurrent.ForkJoinTask$InterruptibleTask.exec(ForkJoinTask.java:1659) ~[?:?]
	at java.base/java.util.concurrent.ForkJoinTask.doExec(ForkJoinTask.java:511) ~[?:?]
	at java.base/java.util.concurrent.ForkJoinPool$WorkQueue.topLevelExec(ForkJoinPool.java:1450) ~[?:?]
	at java.base/java.util.concurrent.ForkJoinPool.runWorker(ForkJoinPool.java:2019) ~[?:?]
	at java.base/java.util.concurrent.ForkJoinWorkerThread.run(ForkJoinWorkerThread.java:187) ~[?:?]
[00:01:04] [AsyncNotifyKeyedQueue - 9/ERROR]: Error occurred executing player action
java.lang.NullPointerException: Cannot invoke "java.nio.MappedByteBuffer.getChar(int)" because "this.byteBuffer" is null
	at FastAsyncWorldEdit-Paper-2.15.0.jar//com.fastasyncworldedit.core.extent.clipboard.DiskOptimizedClipboard.getBlock(DiskOptimizedClipboard.java:704) ~[?:?]
	at FastAsyncWorldEdit-Paper-2.15.0.jar//com.fastasyncworldedit.core.extent.clipboard.DiskOptimizedClipboard.getBlock(DiskOptimizedClipboard.java:713) ~[?:?]
	at FastAsyncWorldEdit-Paper-2.15.0.jar//com.fastasyncworldedit.core.extent.clipboard.DiskOptimizedClipboard.getFullBlock(DiskOptimizedClipboard.java:659) ~[?:?]
	at FastAsyncWorldEdit-Paper-2.15.0.jar//com.sk89q.worldedit.extent.clipboard.BlockArrayClipboard.getFullBlock(BlockArrayClipboard.java:184) ~[?:?]
	at FastAsyncWorldEdit-Paper-2.15.0.jar//com.fastasyncworldedit.core.function.block.SimpleBlockCopy.apply(SimpleBlockCopy.java:20) ~[?:?]
	at FastAsyncWorldEdit-Paper-2.15.0.jar//com.sk89q.worldedit.function.visitor.RegionVisitor.apply(RegionVisitor.java:172) ~[?:?]
	at FastAsyncWorldEdit-Paper-2.15.0.jar//com.sk89q.worldedit.function.visitor.RegionVisitor.resume(RegionVisitor.java:113) ~[?:?]
	at FastAsyncWorldEdit-Paper-2.15.0.jar//com.sk89q.worldedit.function.operation.Operations.completeBlindly(Operations.java:74) ~[?:?]
	at FastAsyncWorldEdit-Paper-2.15.0.jar//com.sk89q.worldedit.function.operation.ForwardExtentCopy.resume(ForwardExtentCopy.java:432) ~[?:?]
	at FastAsyncWorldEdit-Paper-2.15.0.jar//com.sk89q.worldedit.function.operation.Operations.completeLegacy(Operations.java:55) ~[?:?]
	at FastAsyncWorldEdit-Paper-2.15.0.jar//com.sk89q.worldedit.command.tool.brush.ClipboardBrush.build(ClipboardBrush.java:112) ~[?:?]
	at FastAsyncWorldEdit-Paper-2.15.0.jar//com.sk89q.worldedit.command.tool.BrushTool.act(BrushTool.java:481) ~[?:?]
	at FastAsyncWorldEdit-Paper-2.15.0.jar//com.sk89q.worldedit.command.tool.BrushTool.actPrimary(BrushTool.java:367) ~[?:?]
	at FastAsyncWorldEdit-Paper-2.15.0.jar//com.sk89q.worldedit.extension.platform.PlatformManager.lambda$handlePlayerInput$6(PlatformManager.java:529) ~[?:?]
	at FastAsyncWorldEdit-Paper-2.15.0.jar//com.sk89q.worldedit.extension.platform.AbstractPlayerActor.lambda$runAction$2(AbstractPlayerActor.java:717) ~[?:?]
	at FastAsyncWorldEdit-Paper-2.15.0.jar//com.fastasyncworldedit.core.util.task.AsyncNotifyKeyedQueue.lambda$run$0(AsyncNotifyKeyedQueue.java:48) ~[?:?]
	at FastAsyncWorldEdit-Paper-2.15.0.jar//com.fastasyncworldedit.core.util.task.AsyncNotifyKeyedQueue.lambda$call$1(AsyncNotifyKeyedQueue.java:58) ~[?:?]
	at java.base/java.util.concurrent.FutureTask.run(FutureTask.java:328) ~[?:?]
	at FastAsyncWorldEdit-Paper-2.15.0.jar//com.fastasyncworldedit.core.util.task.KeyQueuedExecutorService$KeyRunner.lambda$run$0(KeyQueuedExecutorService.java:150) ~[?:?]
	at java.base/java.util.concurrent.ForkJoinTask$RunnableExecuteAction.compute(ForkJoinTask.java:1750) ~[?:?]
	at java.base/java.util.concurrent.ForkJoinTask$RunnableExecuteAction.compute(ForkJoinTask.java:1742) ~[?:?]
	at java.base/java.util.concurrent.ForkJoinTask$InterruptibleTask.exec(ForkJoinTask.java:1659) ~[?:?]
	at java.base/java.util.concurrent.ForkJoinTask.doExec(ForkJoinTask.java:511) ~[?:?]
	at java.base/java.util.concurrent.ForkJoinPool$WorkQueue.topLevelExec(ForkJoinPool.java:1450) ~[?:?]
	at java.base/java.util.concurrent.ForkJoinPool.runWorker(ForkJoinPool.java:2019) ~[?:?]
	at java.base/java.util.concurrent.ForkJoinWorkerThread.run(ForkJoinWorkerThread.java:187) ~[?:?]
[00:01:14] [Server thread/INFO]: trololol72 issued server command: //wand
[00:01:21] [Server thread/INFO]: trololol72 lost connection: Disconnected
[00:01:21] [Server thread/INFO]: [Quit] trololol72 (Friends) left
[00:01:26] [User Authenticator #1/INFO]: UUID of player trololol72 is f946718e-31b0-439f-8eca-e4353741b2b6
[00:01:27] [Server thread/INFO]: [Join] trololol72 (Friends) joined
[00:01:27] [Server thread/INFO]: trololol72[/127.0.0.1:60204] logged in with entity id 16631 at ([world]-546.4818803527141, 68.0, -1450.532736540599)
[00:01:28] [Server thread/INFO]: Added trololol72 to team [friendsChat]
[00:01:28] [Server thread/INFO]: [Sync] trololol72 -> Team friendsChat
[00:01:50] [Server thread/INFO]: Stopping the server
[00:01:50] [Server thread/INFO]: Stopping server
[00:01:50] [Server thread/INFO]: [BuildPaste] Disabling BuildPaste v1.11.1
[00:01:50] [Server thread/INFO]: [EnderEyeControl] Disabling EnderEyeControl v1.0
[00:01:50] [Server thread/INFO]: [EnderEyeControl] EnderEyeControl has been disabled!
[00:01:50] [Server thread/INFO]: [HidePlugins] Disabling HidePlugins v1.0-1.21
[00:01:50] [Server thread/INFO]: [NoShatterEye] Disabling NoShatterEye v1.0
[00:01:50] [Server thread/INFO]: [packetevents] Disabling packetevents v2.11.1
[00:01:50] [Server thread/INFO]: [SkBee] Disabling SkBee v3.15.0
[00:01:50] [Server thread/INFO]: [skript-reflect] Disabling skript-reflect v2.6.1
[00:01:50] [Server thread/INFO]: [TAB] Disabling TAB v5.4.0
[00:01:50] [Server thread/INFO]: [TAB] Disabled in 0ms
[00:01:50] [Server thread/INFO]: [FastAsyncWorldEdit] Disabling FastAsyncWorldEdit v2.15.0+e9aa28d
[00:01:50] [Server thread/INFO]: Unregistering com.sk89q.worldedit.bukkit.BukkitServerInterface from WorldEdit
[00:01:50] [Server thread/INFO]: [ProtocolLib] Disabling ProtocolLib v5.4.0
[00:01:50] [Server thread/INFO]: [Skript] Disabling Skript v2.12.2
[00:01:50] [Server thread/INFO]: [LuckPerms] Disabling LuckPerms v5.5.22
[00:01:50] [Server thread/INFO]: [LuckPerms] Starting shutdown process...
[00:01:50] [Server thread/INFO]: [LuckPerms] Closing storage...
[00:01:51] [Server thread/INFO]: [LuckPerms] Goodbye!
[00:01:51] [Server thread/INFO]: Saving players
[00:01:51] [Server thread/INFO]: trololol72 lost connection: Server closed
[00:01:51] [Server thread/INFO]: trololol72 left the game
[00:01:51] [Server thread/INFO]: Saving worlds
[00:01:51] [Server thread/INFO]: Saving chunks for level 'ServerLevel[world]'/minecraft:overworld
[00:01:51] [Server thread/INFO]: [ChunkHolderManager] Waiting 60s for chunk system to halt for world 'world'
[00:01:51] [Server thread/INFO]: [ChunkHolderManager] Halted chunk system for world 'world'
[00:01:51] [Server thread/INFO]: [ChunkHolderManager] Saving all chunkholders for world 'world'
[00:01:54] [Server thread/INFO]: [ChunkHolderManager] Saved 1827 block chunks, 1795 entity chunks, 0 poi chunks in world 'world' in 2.82s
[00:01:54] [Server thread/INFO]: [ChunkHolderManager] Waiting 60s for chunk I/O to halt for world 'world'
[00:01:54] [Server thread/INFO]: [ChunkHolderManager] Halted I/O scheduler for world 'world'
[00:01:54] [Server thread/INFO]: Saving chunks for level 'ServerLevel[world_nether]'/minecraft:the_nether
[00:01:54] [Server thread/INFO]: [ChunkHolderManager] Waiting 60s for chunk system to halt for world 'world_nether'
[00:01:54] [Server thread/INFO]: [ChunkHolderManager] Halted chunk system for world 'world_nether'
[00:01:54] [Server thread/INFO]: [ChunkHolderManager] Saving all chunkholders for world 'world_nether'
[00:01:54] [Server thread/INFO]: [ChunkHolderManager] Saved 0 block chunks, 0 entity chunks, 0 poi chunks in world 'world_nether' in 0.00s
[00:01:54] [Server thread/INFO]: [ChunkHolderManager] Waiting 60s for chunk I/O to halt for world 'world_nether'
[00:01:54] [Server thread/INFO]: [ChunkHolderManager] Halted I/O scheduler for world 'world_nether'
[00:01:54] [Server thread/INFO]: Saving chunks for level 'ServerLevel[world_the_end]'/minecraft:the_end
[00:01:54] [Server thread/INFO]: [ChunkHolderManager] Waiting 60s for chunk system to halt for world 'world_the_end'
[00:01:54] [Server thread/INFO]: [ChunkHolderManager] Halted chunk system for world 'world_the_end'
[00:01:54] [Server thread/INFO]: [ChunkHolderManager] Saving all chunkholders for world 'world_the_end'
[00:01:54] [Server thread/INFO]: [ChunkHolderManager] Saved 0 block chunks, 0 entity chunks, 0 poi chunks in world 'world_the_end' in 0.00s
[00:01:54] [Server thread/INFO]: [ChunkHolderManager] Waiting 60s for chunk I/O to halt for world 'world_the_end'
[00:01:54] [Server thread/INFO]: [ChunkHolderManager] Halted I/O scheduler for world 'world_the_end'
[00:01:54] [Server thread/INFO]: ThreadedAnvilChunkStorage (world): All chunks are saved
[00:01:54] [Server thread/INFO]: ThreadedAnvilChunkStorage (DIM-1): All chunks are saved
[00:01:54] [Server thread/INFO]: ThreadedAnvilChunkStorage (DIM1): All chunks are saved
[00:01:54] [Server thread/INFO]: ThreadedAnvilChunkStorage: All dimensions are saved
[00:01:54] [Server thread/INFO]: Waiting for all RegionFile I/O tasks to complete...
[00:01:54] [Server thread/INFO]: All RegionFile I/O tasks to complete
[00:01:54] [Server thread/INFO]: [MoonriseCommon] Awaiting termination of worker pool for up to 60s...
[00:01:54] [Server thread/INFO]: [MoonriseCommon] Awaiting termination of I/O pool for up to 60s...
