10.01.2026 - 02:39:49 - [TAB v5.4.0] Blocked attempt to add player trololol72 into team friendsChat (expected team: 魹ｿ1A).
10.01.2026 - 14:25:53 - [TAB v5.4.0] Blocked attempt to add player bgogo5 into team uniChat (expected team: 魹ｿ0A).
10.01.2026 - 14:40:47 - [TAB v5.4.0] Blocked attempt to add player trololol72 into team friendsChat (expected team: 魹ｿ1A).
10.01.2026 - 14:45:37 - [TAB v5.4.0] Blocked attempt to add player trololol72 into team uniChat (expected team: 魹ｿ0B).
10.01.2026 - 14:48:07 - [TAB v5.4.0] Blocked attempt to add player bgogo5 into team uniChat (expected team: 魹ｿ0A).
10.01.2026 - 14:48:19 - [TAB v5.4.0] Blocked attempt to add player trololol72 into team uniChat (expected team: 魹ｿ0B).
10.01.2026 - 14:48:41 - [TAB v5.4.0] Blocked attempt to add player bgogo5 into team uniChat (expected team: 魹ｿ0A).
10.01.2026 - 14:50:04 - [TAB v5.4.0] Blocked attempt to add player trololol72 into team uniChat (expected team: 魹ｿ0B).
10.01.2026 - 14:51:29 - [TAB v5.4.0] Blocked attempt to add player trololol72 into team friendsChat (expected team: 魹ｿ1A).
10.01.2026 - 14:51:55 - [TAB v5.4.0] Blocked attempt to add player bgogo5 into team uniChat (expected team: 魹ｿ0A).
10.01.2026 - 14:52:44 - [TAB v5.4.0] Blocked attempt to add player trololol72 into team friendsChat (expected team: 魹ｿ1A).
10.01.2026 - 19:14:12 - [TAB v5.4.0] Blocked attempt to add player bgogo5 into team uniChat (expected team: 魹ｿ0A).
10.01.2026 - 19:15:08 - [TAB v5.4.0] Blocked attempt to add player trololol72 into team friendsChat (expected team: 魹ｿ1A).
10.01.2026 - 19:33:38 - [TAB v5.4.0] Blocked attempt to add player bgogo5 into team uniChat (expected team: 魹ｿ0A).
10.01.2026 - 19:33:38 - [TAB v5.4.0] Blocked attempt to add player trololol72 into team friendsChat (expected team: 魹ｿ1A).
10.01.2026 - 19:44:47 - [TAB v5.4.0] Blocked attempt to add player bgogo5 into team uniChat (expected team: 魹ｿ0A).
10.01.2026 - 19:44:47 - [TAB v5.4.0] Blocked attempt to add player bgogo5 into team uniChat (expected team: 魹ｿ0A).
11.01.2026 - 13:10:45 - [TAB v5.4.0] Blocked attempt to add player trololol72 into team friendsChat (expected team: 魹ｿ1A).
11.01.2026 - 21:53:08 - [TAB v5.4.0] Blocked attempt to add player trololol72 into team friendsChat (expected team: 魹ｿ1A).
11.01.2026 - 22:56:46 - [TAB v5.4.0] Blocked attempt to add player bgogo5 into team uniChat (expected team: 魹ｿ0A).
11.01.2026 - 22:56:46 - [TAB v5.4.0] Blocked attempt to add player trololol72 into team friendsChat (expected team: 魹ｿ1A).
11.01.2026 - 23:01:37 - [TAB v5.4.0] Blocked attempt to add player bgogo5 into team uniChat (expected team: 魹ｿ0A).
12.01.2026 - 04:37:43 - [TAB v5.4.0] Blocked attempt to add player trololol72 into team friendsChat (expected team: 魹ｿ1A).
12.01.2026 - 05:38:02 - [TAB v5.4.0] Blocked attempt to add player trololol72 into team friendsChat (expected team: 魹ｿ1A).
12.01.2026 - 05:45:06 - [TAB v5.4.0] Blocked attempt to add player trololol72 into team friendsChat (expected team: 魹ｿ1A).
12.01.2026 - 05:49:03 - [TAB v5.4.0] Blocked attempt to add player trololol72 into team friendsChat (expected team: 魹ｿ1A).
12.01.2026 - 22:21:24 - [TAB v5.4.0] Blocked attempt to add player trololol72 into team friendsChat (expected team: 魹ｿ1A).
12.01.2026 - 22:44:16 - [TAB v5.4.0] Blocked attempt to add player trololol72 into team friendsChat (expected team: 魹ｿ1A).
12.01.2026 - 22:52:28 - [TAB v5.4.0] Blocked attempt to add player trololol72 into team friendsChat (expected team: 魹ｿ1A).
12.01.2026 - 22:56:09 - [TAB v5.4.0] Blocked attempt to add player trololol72 into team friendsChat (expected team: 魹ｿ1A).
12.01.2026 - 22:59:41 - [TAB v5.4.0] Blocked attempt to add player trololol72 into team friendsChat (expected team: 魹ｿ1A).
12.01.2026 - 23:27:24 - [TAB v5.4.0] Blocked attempt to add player trololol72 into team friendsChat (expected team: 魹ｿ1A).
13.01.2026 - 18:07:32 - [TAB v5.4.0] Blocked attempt to add player trololol72 into team friendsChat (expected team: 魹ｿ1A).
22.01.2026 - 02:32:54 - [TAB v5.4.0] Blocked attempt to add player trololol72 into team friendsChat (expected team: 魹ｿ1A).
22.01.2026 - 02:57:45 - [TAB v5.4.0] Blocked attempt to add player trololol72 into team friendsChat (expected team: 魹ｿ1A).
22.01.2026 - 15:14:53 - [TAB v5.4.0] Blocked attempt to add player trololol72 into team friendsChat (expected team: 魹ｿ1A).
22.01.2026 - 21:37:29 - [TAB v5.4.0] Blocked attempt to add player trololol72 into team friendsChat (expected team: 魹ｿ1A).
22.01.2026 - 21:46:36 - [TAB v5.4.0] Blocked attempt to add player trololol72 into team friendsChat (expected team: 魹ｿ1A).
22.01.2026 - 21:49:47 - [TAB v5.4.0] Blocked attempt to add player trololol72 into team friendsChat (expected team: 魹ｿ1A).
22.01.2026 - 22:15:48 - [TAB v5.4.0] Blocked attempt to add player trololol72 into team friendsChat (expected team: 魹ｿ1A).
22.01.2026 - 22:32:24 - [TAB v5.4.0] Blocked attempt to add player trololol72 into team friendsChat (expected team: 魹ｿ1A).
22.01.2026 - 22:52:40 - [TAB v5.4.0] Blocked attempt to add player trololol72 into team friendsChat (expected team: 魹ｿ1A).
22.01.2026 - 23:02:54 - [TAB v5.4.0] Blocked attempt to add player trololol72 into team friendsChat (expected team: 魹ｿ1A).
25.01.2026 - 00:39:46 - [TAB v5.4.0] Blocked attempt to add player trololol72 into team friendsChat (expected team: 魹ｿ1A).
25.01.2026 - 01:28:59 - [TAB v5.4.0] Blocked attempt to add player trololol72 into team friendsChat (expected team: 魹ｿ1A).
25.01.2026 - 23:04:10 - [TAB v5.4.0] Blocked attempt to add player trololol72 into team friendsChat (expected team: 魹ｿ1A).
26.01.2026 - 00:48:53 - [TAB v5.4.0] Blocked attempt to add player trololol72 into team friendsChat (expected team: 魹ｿ1A).
26.01.2026 - 01:27:58 - [TAB v5.4.0] Blocked attempt to add player trololol72 into team friendsChat (expected team: 魹ｿ1A).
26.01.2026 - 23:31:53 - [TAB v5.4.0] Blocked attempt to add player trololol72 into team friendsChat (expected team: 魹ｿ1A).
26.01.2026 - 23:58:49 - [TAB v5.4.0] Blocked attempt to add player trololol72 into team friendsChat (expected team: 魹ｿ1A).
27.01.2026 - 00:13:23 - [TAB v5.4.0] Blocked attempt to add player trololol72 into team friendsChat (expected team: 魹ｿ1A).
27.01.2026 - 00:27:38 - [TAB v5.4.0] Blocked attempt to add player trololol72 into team friendsChat (expected team: 魹ｿ1A).
27.01.2026 - 01:58:34 - [TAB v5.4.0] Blocked attempt to add player trololol72 into team friendsChat (expected team: 魹ｿ1A).
27.01.2026 - 02:03:20 - [TAB v5.4.0] Blocked attempt to add player trololol72 into team friendsChat (expected team: 魹ｿ1A).
27.01.2026 - 02:06:21 - [TAB v5.4.0] Blocked attempt to add player trololol72 into team friendsChat (expected team: 魹ｿ1A).
27.01.2026 - 21:22:27 - [TAB v5.4.0] Blocked attempt to add player trololol72 into team friendsChat (expected team: 魹ｿ1A).
27.01.2026 - 22:04:29 - [TAB v5.4.0] Blocked attempt to add player trololol72 into team friendsChat (expected team: 魹ｿ1A).
29.01.2026 - 01:09:26 - [TAB v5.4.0] Blocked attempt to add player trololol72 into team friendsChat (expected team: 魹ｿ1A).
29.01.2026 - 01:51:34 - [TAB v5.4.0] Blocked attempt to add player trololol72 into team friendsChat (expected team: 魹ｿ1A).
29.01.2026 - 02:00:39 - [TAB v5.4.0] Blocked attempt to add player trololol72 into team friendsChat (expected team: 魹ｿ1A).
30.01.2026 - 19:02:33 - [TAB v5.4.0] Blocked attempt to add player trololol72 into team friendsChat (expected team: 魹ｿ1A).
30.01.2026 - 19:18:37 - [TAB v5.4.0] Blocked attempt to add player trololol72 into team friendsChat (expected team: 魹ｿ1A).
31.01.2026 - 02:13:47 - [TAB v5.4.0] Blocked attempt to add player trololol72 into team friendsChat (expected team: 魹ｿ1A).
31.01.2026 - 19:13:08 - [TAB v5.4.0] Blocked attempt to add player trololol72 into team friendsChat (expected team: 魹ｿ1A).
31.01.2026 - 19:20:42 - [TAB v5.4.0] Blocked attempt to add player trololol72 into team friendsChat (expected team: 魹ｿ1A).
31.01.2026 - 19:57:58 - [TAB v5.4.0] Blocked attempt to add player trololol72 into team friendsChat (expected team: 魹ｿ1A).
31.01.2026 - 20:20:29 - [TAB v5.4.0] Blocked attempt to add player trololol72 into team friendsChat (expected team: 魹ｿ1A).
31.01.2026 - 21:05:16 - [TAB v5.4.0] Blocked attempt to add player trololol72 into team friendsChat (expected team: 魹ｿ1A).
31.01.2026 - 21:14:07 - [TAB v5.4.0] Blocked attempt to add player trololol72 into team friendsChat (expected team: 魹ｿ1A).
31.01.2026 - 21:29:50 - [TAB v5.4.0] Blocked attempt to add player trololol72 into team friendsChat (expected team: 魹ｿ1A).
31.01.2026 - 21:52:01 - [TAB v5.4.0] Blocked attempt to add player trololol72 into team friendsChat (expected team: 魹ｿ1A).
31.01.2026 - 22:47:23 - [TAB v5.4.0] Blocked attempt to add player trololol72 into team friendsChat (expected team: 魹ｿ1A).
31.01.2026 - 22:52:38 - [TAB v5.4.0] Blocked attempt to add player trololol72 into team friendsChat (expected team: 魹ｿ1A).
31.01.2026 - 22:58:35 - [TAB v5.4.0] Blocked attempt to add player trololol72 into team friendsChat (expected team: 魹ｿ1A).
31.01.2026 - 23:14:20 - [TAB v5.4.0] Blocked attempt to add player trololol72 into team friendsChat (expected team: 魹ｿ1A).
31.01.2026 - 23:43:56 - [TAB v5.4.0] Blocked attempt to add player trololol72 into team friendsChat (expected team: 魹ｿ1A).
01.02.2026 - 00:01:07 - [TAB v5.4.0] Blocked attempt to add player trololol72 into team friendsChat (expected team: 魹ｿ1A).
01.02.2026 - 00:04:21 - [TAB v5.4.0] Blocked attempt to add player trololol72 into team friendsChat (expected team: 魹ｿ1A).
01.02.2026 - 00:20:49 - [TAB v5.4.0] Blocked attempt to add player trololol72 into team friendsChat (expected team: 魹ｿ1A).
01.02.2026 - 00:28:53 - [TAB v5.4.0] Blocked attempt to add player trololol72 into team friendsChat (expected team: 魹ｿ1A).
01.02.2026 - 00:38:17 - [TAB v5.4.0] Blocked attempt to add player trololol72 into team friendsChat (expected team: 魹ｿ1A).
01.02.2026 - 00:46:22 - [TAB v5.4.0] Blocked attempt to add player trololol72 into team friendsChat (expected team: 魹ｿ1A).
01.02.2026 - 19:17:36 - [TAB v5.4.0] Blocked attempt to add player trololol72 into team friendsChat (expected team: 魹ｿ1A).
01.02.2026 - 21:38:15 - [TAB v5.4.0] Blocked attempt to add player trololol72 into team friendsChat (expected team: 魹ｿ1A).
01.02.2026 - 21:54:28 - [TAB v5.4.0] Blocked attempt to add player trololol72 into team friendsChat (expected team: 魹ｿ1A).
01.02.2026 - 23:25:57 - [TAB v5.4.0] Blocked attempt to add player trololol72 into team friendsChat (expected team: 魹ｿ1A).
01.02.2026 - 23:35:15 - [TAB v5.4.0] Blocked attempt to add player trololol72 into team friendsChat (expected team: 魹ｿ1A).
01.02.2026 - 23:38:46 - [TAB v5.4.0] Blocked attempt to add player trololol72 into team friendsChat (expected team: 魹ｿ1A).
02.02.2026 - 16:08:40 - [TAB v5.4.0] Blocked attempt to add player trololol72 into team friendsChat (expected team: 魹ｿ1A).
02.02.2026 - 17:19:33 - [TAB v5.4.0] Blocked attempt to add player trololol72 into team friendsChat (expected team: 魹ｿ1A).
02.02.2026 - 17:22:32 - [TAB v5.4.0] Blocked attempt to add player trololol72 into team friendsChat (expected team: 魹ｿ1A).
02.02.2026 - 17:59:42 - [TAB v5.4.0] Blocked attempt to add player trololol72 into team friendsChat (expected team: 魹ｿ1A).
03.02.2026 - 13:02:03 - [TAB v5.4.0] Blocked attempt to add player trololol72 into team friendsChat (expected team: 魹ｿ1A).
03.02.2026 - 13:14:19 - [TAB v5.4.0] Blocked attempt to add player trololol72 into team friendsChat (expected team: 魹ｿ1A).
03.02.2026 - 13:22:02 - [TAB v5.4.0] Blocked attempt to add player trololol72 into team friendsChat (expected team: 魹ｿ1A).
03.02.2026 - 13:38:37 - [TAB v5.4.0] Blocked attempt to add player trololol72 into team friendsChat (expected team: 魹ｿ1A).
03.02.2026 - 13:51:20 - [TAB v5.4.0] Blocked attempt to add player trololol72 into team friendsChat (expected team: 魹ｿ1A).
03.02.2026 - 18:20:44 - [TAB v5.4.0] Blocked attempt to add player trololol72 into team friendsChat (expected team: 魹ｿ1A).
03.02.2026 - 22:08:37 - [TAB v5.4.0] Blocked attempt to add player trololol72 into team friendsChat (expected team: 魹ｿ1A).
03.02.2026 - 22:44:53 - [TAB v5.4.0] Blocked attempt to add player trololol72 into team friendsChat (expected team: 魹ｿ1A).
03.02.2026 - 23:23:33 - [TAB v5.4.0] Blocked attempt to add player trololol72 into team friendsChat (expected team: 魹ｿ1A).
04.02.2026 - 09:38:31 - [TAB v5.4.0] Blocked attempt to add player trololol72 into team friendsChat (expected team: 魹ｿ1A).
04.02.2026 - 04:18:35 - [TAB v5.4.0] Blocked attempt to add player trololol72 into team friendsChat (expected team: 魹ｿ1A).
04.02.2026 - 04:29:49 - [TAB v5.4.0] Blocked attempt to add player trololol72 into team friendsChat (expected team: 魹ｿ1A).
04.02.2026 - 05:01:51 - [TAB v5.4.0] Blocked attempt to add player trololol72 into team friendsChat (expected team: 魹ｿ1A).
04.02.2026 - 05:23:12 - [TAB v5.4.0] Blocked attempt to add player trololol72 into team friendsChat (expected team: 魹ｿ1A).
04.02.2026 - 09:55:07 - [TAB v5.4.0] Blocked attempt to add player trololol72 into team friendsChat (expected team: 魹ｿ1A).
05.02.2026 - 12:40:52 - [TAB v5.4.0] Blocked attempt to add player trololol72 into team friendsChat (expected team: 魹ｿ1A).
05.02.2026 - 13:39:14 - [TAB v5.4.0] Blocked attempt to add player trololol72 into team friendsChat (expected team: 魹ｿ1A).
05.02.2026 - 15:22:26 - [TAB v5.4.0] Blocked attempt to add player trololol72 into team friendsChat (expected team: 魹ｿ1A).
05.02.2026 - 15:46:43 - [TAB v5.4.0] Blocked attempt to add player trololol72 into team friendsChat (expected team: 魹ｿ1A).
05.02.2026 - 15:49:26 - [TAB v5.4.0] Blocked attempt to add player trololol72 into team friendsChat (expected team: 魹ｿ1A).
05.02.2026 - 15:56:08 - [TAB v5.4.0] Blocked attempt to add player trololol72 into team friendsChat (expected team: 魹ｿ1A).
05.02.2026 - 17:25:02 - [TAB v5.4.0] Blocked attempt to add player trololol72 into team friendsChat (expected team: 魹ｿ1A).
05.02.2026 - 17:47:03 - [TAB v5.4.0] Blocked attempt to add player trololol72 into team friendsChat (expected team: 魹ｿ1A).
05.02.2026 - 18:15:34 - [TAB v5.4.0] Blocked attempt to add player trololol72 into team friendsChat (expected team: 魹ｿ1A).
05.02.2026 - 18:22:55 - [TAB v5.4.0] Blocked attempt to add player trololol72 into team friendsChat (expected team: 魹ｿ1A).
06.02.2026 - 00:53:33 - [TAB v5.4.0] Blocked attempt to add player trololol72 into team friendsChat (expected team: 魹ｿ1A).
06.02.2026 - 09:44:45 - [TAB v5.4.0] Blocked attempt to add player trololol72 into team friendsChat (expected team: 魹ｿ1A).
06.02.2026 - 11:12:13 - [TAB v5.4.0] Blocked attempt to add player trololol72 into team friendsChat (expected team: 魹ｿ1A).
06.02.2026 - 11:55:40 - [TAB v5.4.0] Blocked attempt to add player trololol72 into team friendsChat (expected team: 魹ｿ1A).
06.02.2026 - 12:24:38 - [TAB v5.4.0] Blocked attempt to add player trololol72 into team friendsChat (expected team: 魹ｿ1A).
06.02.2026 - 12:28:21 - [TAB v5.4.0] Blocked attempt to add player trololol72 into team friendsChat (expected team: 魹ｿ1A).
06.02.2026 - 12:39:08 - [TAB v5.4.0] Blocked attempt to add player trololol72 into team friendsChat (expected team: 魹ｿ1A).
06.02.2026 - 12:47:29 - [TAB v5.4.0] Blocked attempt to add player trololol72 into team friendsChat (expected team: 魹ｿ1A).
06.02.2026 - 15:35:09 - [TAB v5.4.0] Blocked attempt to add player trololol72 into team friendsChat (expected team: 魹ｿ1A).
06.02.2026 - 15:38:12 - [TAB v5.4.0] Blocked attempt to add player trololol72 into team friendsChat (expected team: 魹ｿ1A).
07.02.2026 - 14:22:05 - [TAB v5.4.0] Blocked attempt to add player trololol72 into team friendsChat (expected team: 魹ｿ1A).
07.02.2026 - 14:33:58 - [TAB v5.4.0] Blocked attempt to add player trololol72 into team friendsChat (expected team: 魹ｿ1A).
07.02.2026 - 14:39:59 - [TAB v5.4.0] Blocked attempt to add player trololol72 into team friendsChat (expected team: 魹ｿ1A).
07.02.2026 - 14:49:03 - [TAB v5.4.0] Blocked attempt to add player trololol72 into team friendsChat (expected team: 魹ｿ1A).
07.02.2026 - 16:09:39 - [TAB v5.4.0] Blocked attempt to add player trololol72 into team friendsChat (expected team: 魹ｿ1A).
07.02.2026 - 16:59:46 - [TAB v5.4.0] Blocked attempt to add player trololol72 into team friendsChat (expected team: 魹ｿ1A).
07.02.2026 - 17:06:17 - [TAB v5.4.0] Blocked attempt to add player trololol72 into team friendsChat (expected team: 魹ｿ1A).
07.02.2026 - 17:15:16 - [TAB v5.4.0] Blocked attempt to add player trololol72 into team friendsChat (expected team: 魹ｿ1A).
07.02.2026 - 20:36:53 - [TAB v5.4.0] Blocked attempt to add player trololol72 into team friendsChat (expected team: 魹ｿ1A).
07.02.2026 - 20:41:25 - [TAB v5.4.0] Blocked attempt to add player trololol72 into team friendsChat (expected team: 魹ｿ1A).
07.02.2026 - 21:10:52 - [TAB v5.4.0] Blocked attempt to add player trololol72 into team friendsChat (expected team: 魹ｿ1A).
07.02.2026 - 21:16:54 - [TAB v5.4.0] Blocked attempt to add player trololol72 into team friendsChat (expected team: 魹ｿ1A).
07.02.2026 - 21:38:01 - [TAB v5.4.0] Blocked attempt to add player trololol72 into team friendsChat (expected team: 魹ｿ1A).
07.02.2026 - 21:55:18 - [TAB v5.4.0] Blocked attempt to add player trololol72 into team friendsChat (expected team: 魹ｿ1A).
07.02.2026 - 22:05:43 - [TAB v5.4.0] Blocked attempt to add player trololol72 into team friendsChat (expected team: 魹ｿ1A).
07.02.2026 - 22:41:05 - [TAB v5.4.0] Blocked attempt to add player trololol72 into team friendsChat (expected team: 魹ｿ1A).
07.02.2026 - 23:00:33 - [TAB v5.4.0] Blocked attempt to add player trololol72 into team friendsChat (expected team: 魹ｿ1A).
07.02.2026 - 23:46:04 - [TAB v5.4.0] Blocked attempt to add player trololol72 into team friendsChat (expected team: 魹ｿ1A).
07.02.2026 - 23:53:01 - [TAB v5.4.0] Blocked attempt to add player trololol72 into team friendsChat (expected team: 魹ｿ1A).
08.02.2026 - 01:33:54 - [TAB v5.4.0] Blocked attempt to add player trololol72 into team friendsChat (expected team: 魹ｿ1A).
08.02.2026 - 01:41:29 - [TAB v5.4.0] Blocked attempt to add player trololol72 into team friendsChat (expected team: 魹ｿ1A).
08.02.2026 - 03:39:50 - [TAB v5.4.0] Blocked attempt to add player trololol72 into team friendsChat (expected team: 魹ｿ1A).
08.02.2026 - 13:33:40 - [TAB v5.4.0] Blocked attempt to add player trololol72 into team friendsChat (expected team: 魹ｿ1A).
08.02.2026 - 14:34:46 - [TAB v5.4.0] Blocked attempt to add player trololol72 into team friendsChat (expected team: 魹ｿ1A).
08.02.2026 - 14:42:53 - [TAB v5.4.0] Blocked attempt to add player trololol72 into team friendsChat (expected team: 魹ｿ1A).
08.02.2026 - 14:44:25 - [TAB v5.4.0] Blocked attempt to add player trololol72 into team friendsChat (expected team: 魹ｿ1A).
08.02.2026 - 15:41:12 - [TAB v5.4.0] Blocked attempt to add player trololol72 into team friendsChat (expected team: 魹ｿ1A).
08.02.2026 - 15:53:16 - [TAB v5.4.0] Blocked attempt to add player trololol72 into team friendsChat (expected team: 魹ｿ1A).
08.02.2026 - 22:05:38 - [TAB v5.4.0] Blocked attempt to add player trololol72 into team friendsChat (expected team: 魹ｿ1A).
08.02.2026 - 22:33:57 - [TAB v5.4.0] Blocked attempt to add player trololol72 into team friendsChat (expected team: 魹ｿ1A).
08.02.2026 - 22:57:13 - [TAB v5.4.0] Blocked attempt to add player trololol72 into team friendsChat (expected team: 魹ｿ1A).
08.02.2026 - 23:41:45 - [TAB v5.4.0] Blocked attempt to add player trololol72 into team friendsChat (expected team: 魹ｿ1A).
09.02.2026 - 00:07:10 - [TAB v5.4.0] Blocked attempt to add player trololol72 into team friendsChat (expected team: 魹ｿ1A).
09.02.2026 - 00:31:38 - [TAB v5.4.0] Blocked attempt to add player trololol72 into team friendsChat (expected team: 魹ｿ1A).
09.02.2026 - 01:35:52 - [TAB v5.4.0] Blocked attempt to add player trololol72 into team friendsChat (expected team: 魹ｿ1A).
09.02.2026 - 15:48:26 - [TAB v5.4.0] Blocked attempt to add player trololol72 into team friendsChat (expected team: 魹ｿ1A).
09.02.2026 - 15:56:55 - [TAB v5.4.0] Blocked attempt to add player trololol72 into team friendsChat (expected team: 魹ｿ1A).
09.02.2026 - 17:02:18 - [TAB v5.4.0] Blocked attempt to add player trololol72 into team friendsChat (expected team: 魹ｿ1A).
09.02.2026 - 17:11:19 - [TAB v5.4.0] Blocked attempt to add player trololol72 into team friendsChat (expected team: 魹ｿ1A).
10.02.2026 - 02:59:11 - [TAB v5.4.0] Blocked attempt to add player trololol72 into team friendsChat (expected team: 魹ｿ1A).
10.02.2026 - 03:01:48 - [TAB v5.4.0] Blocked attempt to add player trololol72 into team friendsChat (expected team: 魹ｿ1A).
10.02.2026 - 03:08:14 - [TAB v5.4.0] Blocked attempt to add player trololol72 into team friendsChat (expected team: 魹ｿ1A).
10.02.2026 - 04:37:12 - [TAB v5.4.0] Blocked attempt to add player trololol72 into team friendsChat (expected team: 魹ｿ1A).
10.02.2026 - 04:48:26 - [TAB v5.4.0] Blocked attempt to add player trololol72 into team friendsChat (expected team: 魹ｿ1A).
10.02.2026 - 05:09:43 - [TAB v5.4.0] Blocked attempt to add player trololol72 into team friendsChat (expected team: 魹ｿ1A).
10.02.2026 - 05:32:14 - [TAB v5.4.0] Blocked attempt to add player trololol72 into team friendsChat (expected team: 魹ｿ1A).
10.02.2026 - 05:49:15 - [TAB v5.4.0] Blocked attempt to add player trololol72 into team friendsChat (expected team: 魹ｿ1A).
10.02.2026 - 07:12:02 - [TAB v5.4.0] Blocked attempt to add player trololol72 into team friendsChat (expected team: 魹ｿ1A).
10.02.2026 - 08:05:21 - [TAB v5.4.0] Blocked attempt to add player trololol72 into team friendsChat (expected team: 魹ｿ1A).
10.02.2026 - 19:53:29 - [TAB v5.4.0] Blocked attempt to add player trololol72 into team friendsChat (expected team: 魹ｿ1A).
10.02.2026 - 20:18:46 - [TAB v5.4.0] Blocked attempt to add player trololol72 into team friendsChat (expected team: 魹ｿ1A).
10.02.2026 - 22:29:02 - [TAB v5.4.0] Blocked attempt to add player trololol72 into team friendsChat (expected team: 魹ｿ1A).
11.02.2026 - 03:32:53 - [TAB v5.4.0] Blocked attempt to add player trololol72 into team friendsChat (expected team: 魹ｿ1A).
11.02.2026 - 03:51:11 - [TAB v5.4.0] Blocked attempt to add player trololol72 into team friendsChat (expected team: 魹ｿ1A).
11.02.2026 - 04:03:00 - [TAB v5.4.0] Blocked attempt to add player trololol72 into team friendsChat (expected team: 魹ｿ1A).
11.02.2026 - 13:06:34 - [TAB v5.4.0] Blocked attempt to add player trololol72 into team friendsChat (expected team: 魹ｿ1A).
11.02.2026 - 13:37:56 - [TAB v5.4.0] Blocked attempt to add player trololol72 into team friendsChat (expected team: 魹ｿ1A).
11.02.2026 - 13:57:58 - [TAB v5.4.0] Blocked attempt to add player trololol72 into team friendsChat (expected team: 魹ｿ1A).
11.02.2026 - 14:40:01 - [TAB v5.4.0] Blocked attempt to add player trololol72 into team friendsChat (expected team: 魹ｿ1A).
11.02.2026 - 16:00:47 - [TAB v5.4.0] Blocked attempt to add player trololol72 into team friendsChat (expected team: 魹ｿ1A).
11.02.2026 - 17:04:01 - [TAB v5.4.0] Blocked attempt to add player trololol72 into team friendsChat (expected team: 魹ｿ1A).
11.02.2026 - 17:26:28 - [TAB v5.4.0] Blocked attempt to add player trololol72 into team friendsChat (expected team: 魹ｿ1A).
11.02.2026 - 18:29:14 - [TAB v5.4.0] Blocked attempt to add player trololol72 into team friendsChat (expected team: 魹ｿ1A).
11.02.2026 - 19:27:53 - [TAB v5.4.0] Blocked attempt to add player trololol72 into team friendsChat (expected team: 魹ｿ1A).
11.02.2026 - 21:01:00 - [TAB v5.4.0] Blocked attempt to add player trololol72 into team friendsChat (expected team: 魹ｿ1A).
11.02.2026 - 22:46:13 - [TAB v5.4.0] Blocked attempt to add player trololol72 into team friendsChat (expected team: 魹ｿ1A).
11.02.2026 - 23:17:32 - [TAB v5.4.0] Blocked attempt to add player trololol72 into team friendsChat (expected team: 魹ｿ1A).
11.02.2026 - 23:36:01 - [TAB v5.4.0] Blocked attempt to add player trololol72 into team friendsChat (expected team: 魹ｿ1A).
12.02.2026 - 01:54:02 - [TAB v5.4.0] Blocked attempt to add player trololol72 into team friendsChat (expected team: 魹ｿ1A).
12.02.2026 - 01:59:07 - [TAB v5.4.0] Blocked attempt to add player trololol72 into team friendsChat (expected team: 魹ｿ1A).
12.02.2026 - 03:28:50 - [TAB v5.4.0] Blocked attempt to add player trololol72 into team friendsChat (expected team: 魹ｿ1A).
12.02.2026 - 03:39:41 - [TAB v5.4.0] Blocked attempt to add player trololol72 into team friendsChat (expected team: 魹ｿ1A).
12.02.2026 - 03:50:09 - [TAB v5.4.0] Blocked attempt to add player trololol72 into team friendsChat (expected team: 魹ｿ1A).
12.02.2026 - 03:53:58 - [TAB v5.4.0] Blocked attempt to add player trololol72 into team friendsChat (expected team: 魹ｿ1A).
12.02.2026 - 04:06:01 - [TAB v5.4.0] Blocked attempt to add player trololol72 into team friendsChat (expected team: 魹ｿ1A).
12.02.2026 - 05:14:32 - [TAB v5.4.0] Blocked attempt to add player trololol72 into team friendsChat (expected team: 魹ｿ1A).
12.02.2026 - 05:22:36 - [TAB v5.4.0] Blocked attempt to add player trololol72 into team friendsChat (expected team: 魹ｿ1A).
12.02.2026 - 05:39:35 - [TAB v5.4.0] Blocked attempt to add player trololol72 into team friendsChat (expected team: 魹ｿ1A).
12.02.2026 - 18:50:00 - [TAB v5.4.0] Blocked attempt to add player trololol72 into team friendsChat (expected team: 魹ｿ1A).
13.02.2026 - 02:36:49 - [TAB v5.4.0] Blocked attempt to add player trololol72 into team friendsChat (expected team: 魹ｿ1A).
13.02.2026 - 11:28:27 - [TAB v5.4.0] Blocked attempt to add player trololol72 into team friendsChat (expected team: 魹ｿ1A).
13.02.2026 - 12:02:17 - [TAB v5.4.0] Blocked attempt to add player trololol72 into team friendsChat (expected team: 魹ｿ1A).
13.02.2026 - 12:50:32 - [TAB v5.4.0] Blocked attempt to add player trololol72 into team friendsChat (expected team: 魹ｿ1A).
13.02.2026 - 13:36:29 - [TAB v5.4.0] Blocked attempt to add player trololol72 into team friendsChat (expected team: 魹ｿ1A).
13.02.2026 - 13:40:46 - [TAB v5.4.0] Blocked attempt to add player trololol72 into team friendsChat (expected team: 魹ｿ1A).
13.02.2026 - 13:55:30 - [TAB v5.4.0] Blocked attempt to add player trololol72 into team friendsChat (expected team: 魹ｿ1A).
13.02.2026 - 14:26:51 - [TAB v5.4.0] Blocked attempt to add player trololol72 into team friendsChat (expected team: 魹ｿ1A).
13.02.2026 - 15:22:53 - [TAB v5.4.0] Blocked attempt to add player trololol72 into team friendsChat (expected team: 魹ｿ1A).
13.02.2026 - 16:01:34 - [TAB v5.4.0] Blocked attempt to add player trololol72 into team friendsChat (expected team: 魹ｿ1A).
13.02.2026 - 16:06:09 - [TAB v5.4.0] Blocked attempt to add player trololol72 into team friendsChat (expected team: 魹ｿ1A).
13.02.2026 - 16:23:52 - [TAB v5.4.0] Blocked attempt to add player trololol72 into team friendsChat (expected team: 魹ｿ1A).
13.02.2026 - 17:02:50 - [TAB v5.4.0] Blocked attempt to add player trololol72 into team friendsChat (expected team: 魹ｿ1A).
13.02.2026 - 20:58:21 - [TAB v5.4.0] Blocked attempt to add player trololol72 into team friendsChat (expected team: 魹ｿ1A).
13.02.2026 - 21:52:10 - [TAB v5.4.0] Blocked attempt to add player trololol72 into team friendsChat (expected team: 魹ｿ1A).
14.02.2026 - 01:55:09 - [TAB v5.4.0] Blocked attempt to add player trololol72 into team friendsChat (expected team: 魹ｿ1A).
14.02.2026 - 02:19:52 - [TAB v5.4.0] Blocked attempt to add player trololol72 into team friendsChat (expected team: 魹ｿ1A).
14.02.2026 - 02:32:00 - [TAB v5.4.0] Blocked attempt to add player trololol72 into team friendsChat (expected team: 魹ｿ1A).
14.02.2026 - 02:41:35 - [TAB v5.4.0] Blocked attempt to add player trololol72 into team friendsChat (expected team: 魹ｿ1A).
14.02.2026 - 03:03:49 - [TAB v5.4.0] Blocked attempt to add player trololol72 into team friendsChat (expected team: 魹ｿ1A).
14.02.2026 - 03:08:21 - [TAB v5.4.0] Blocked attempt to add player trololol72 into team friendsChat (expected team: 魹ｿ1A).
14.02.2026 - 03:11:44 - [TAB v5.4.0] Blocked attempt to add player trololol72 into team friendsChat (expected team: 魹ｿ1A).
14.02.2026 - 03:17:19 - [TAB v5.4.0] Blocked attempt to add player trololol72 into team friendsChat (expected team: 魹ｿ1A).
14.02.2026 - 03:27:39 - [TAB v5.4.0] Blocked attempt to add player trololol72 into team friendsChat (expected team: 魹ｿ1A).
14.02.2026 - 03:33:54 - [TAB v5.4.0] Blocked attempt to add player trololol72 into team friendsChat (expected team: 魹ｿ1A).
14.02.2026 - 03:53:22 - [TAB v5.4.0] Blocked attempt to add player trololol72 into team friendsChat (expected team: 魹ｿ1A).
14.02.2026 - 04:35:28 - [TAB v5.4.0] Blocked attempt to add player trololol72 into team friendsChat (expected team: 魹ｿ1A).
14.02.2026 - 05:35:03 - [TAB v5.4.0] Blocked attempt to add player trololol72 into team friendsChat (expected team: 魹ｿ1A).
14.02.2026 - 06:35:12 - [TAB v5.4.0] Blocked attempt to add player trololol72 into team friendsChat (expected team: 魹ｿ1A).
14.02.2026 - 12:42:26 - [TAB v5.4.0] Blocked attempt to add player trololol72 into team friendsChat (expected team: 魹ｿ1A).
14.02.2026 - 13:26:24 - [TAB v5.4.0] Blocked attempt to add player trololol72 into team friendsChat (expected team: 魹ｿ1A).
14.02.2026 - 13:29:52 - [TAB v5.4.0] Blocked attempt to add player trololol72 into team friendsChat (expected team: 魹ｿ1A).
14.02.2026 - 14:44:10 - [TAB v5.4.0] Blocked attempt to add player trololol72 into team friendsChat (expected team: 魹ｿ1A).
14.02.2026 - 15:02:20 - [TAB v5.4.0] Blocked attempt to add player trololol72 into team friendsChat (expected team: 魹ｿ1A).
14.02.2026 - 15:51:52 - [TAB v5.4.0] Blocked attempt to add player trololol72 into team friendsChat (expected team: 魹ｿ1A).
14.02.2026 - 21:00:10 - [TAB v5.4.0] Blocked attempt to add player trololol72 into team friendsChat (expected team: 魹ｿ1A).
14.02.2026 - 22:16:19 - [TAB v5.4.0] Blocked attempt to add player trololol72 into team friendsChat (expected team: 魹ｿ1A).
14.02.2026 - 22:52:52 - [TAB v5.4.0] Blocked attempt to add player trololol72 into team friendsChat (expected team: 魹ｿ1A).
14.02.2026 - 22:54:54 - [TAB v5.4.0] Blocked attempt to add player trololol72 into team friendsChat (expected team: 魹ｿ1A).
14.02.2026 - 22:56:24 - [TAB v5.4.0] Blocked attempt to add player trololol72 into team friendsChat (expected team: 魹ｿ1A).
14.02.2026 - 23:45:44 - [TAB v5.4.0] Blocked attempt to add player trololol72 into team friendsChat (expected team: 魹ｿ1A).
15.02.2026 - 00:07:42 - [TAB v5.4.0] Blocked attempt to add player trololol72 into team friendsChat (expected team: 魹ｿ1A).
15.02.2026 - 11:49:30 - [TAB v5.4.0] Blocked attempt to add player trololol72 into team friendsChat (expected team: 魹ｿ1A).
15.02.2026 - 12:18:22 - [TAB v5.4.0] Blocked attempt to add player trololol72 into team friendsChat (expected team: 魹ｿ1A).
15.02.2026 - 13:24:58 - [TAB v5.4.0] Blocked attempt to add player trololol72 into team friendsChat (expected team: 魹ｿ1A).
15.02.2026 - 14:09:22 - [TAB v5.4.0] Blocked attempt to add player trololol72 into team friendsChat (expected team: 魹ｿ1A).
15.02.2026 - 14:35:29 - [TAB v5.4.0] Blocked attempt to add player trololol72 into team friendsChat (expected team: 魹ｿ1A).
15.02.2026 - 15:12:27 - [TAB v5.4.0] Blocked attempt to add player trololol72 into team friendsChat (expected team: 魹ｿ1A).
15.02.2026 - 18:09:45 - [TAB v5.4.0] Blocked attempt to add player trololol72 into team friendsChat (expected team: 魹ｿ1A).
15.02.2026 - 18:25:28 - [TAB v5.4.0] Blocked attempt to add player trololol72 into team friendsChat (expected team: 魹ｿ1A).
15.02.2026 - 18:54:46 - [TAB v5.4.0] Blocked attempt to add player trololol72 into team friendsChat (expected team: 魹ｿ1A).
15.02.2026 - 19:22:07 - [TAB v5.4.0] Blocked attempt to add player trololol72 into team friendsChat (expected team: 魹ｿ1A).
15.02.2026 - 21:37:21 - [TAB v5.4.0] Blocked attempt to add player trololol72 into team friendsChat (expected team: 魹ｿ1A).
15.02.2026 - 23:48:19 - [TAB v5.4.0] Blocked attempt to add player trololol72 into team friendsChat (expected team: 魹ｿ1A).
16.02.2026 - 00:13:09 - [TAB v5.4.0] Blocked attempt to add player trololol72 into team friendsChat (expected team: 魹ｿ1A).
16.02.2026 - 00:21:01 - [TAB v5.4.0] Blocked attempt to add player trololol72 into team friendsChat (expected team: 魹ｿ1A).
16.02.2026 - 00:30:13 - [TAB v5.4.0] Blocked attempt to add player trololol72 into team friendsChat (expected team: 魹ｿ1A).
16.02.2026 - 00:44:11 - [TAB v5.4.0] Blocked attempt to add player trololol72 into team friendsChat (expected team: 魹ｿ1A).
16.02.2026 - 01:55:31 - [TAB v5.4.0] Blocked attempt to add player trololol72 into team friendsChat (expected team: 魹ｿ1A).
16.02.2026 - 02:40:26 - [TAB v5.4.0] Blocked attempt to add player trololol72 into team friendsChat (expected team: 魹ｿ1A).
16.02.2026 - 03:22:20 - [TAB v5.4.0] Blocked attempt to add player trololol72 into team friendsChat (expected team: 魹ｿ1A).
16.02.2026 - 03:42:24 - [TAB v5.4.0] Blocked attempt to add player trololol72 into team friendsChat (expected team: 魹ｿ1A).
16.02.2026 - 04:45:24 - [TAB v5.4.0] Blocked attempt to add player trololol72 into team friendsChat (expected team: 魹ｿ1A).
16.02.2026 - 14:52:35 - [TAB v5.4.0] Blocked attempt to add player trololol72 into team friendsChat (expected team: 魹ｿ1A).
16.02.2026 - 18:56:05 - [TAB v5.4.0] Blocked attempt to add player trololol72 into team friendsChat (expected team: 魹ｿ1A).
16.02.2026 - 18:59:50 - [TAB v5.4.0] Blocked attempt to add player trololol72 into team friendsChat (expected team: 魹ｿ1A).
16.02.2026 - 19:25:08 - [TAB v5.4.0] Blocked attempt to add player trololol72 into team friendsChat (expected team: 魹ｿ1A).
16.02.2026 - 19:53:17 - [TAB v5.4.0] Blocked attempt to add player trololol72 into team friendsChat (expected team: 魹ｿ1A).
16.02.2026 - 20:11:43 - [TAB v5.4.0] Blocked attempt to add player trololol72 into team friendsChat (expected team: 魹ｿ1A).
16.02.2026 - 20:41:34 - [TAB v5.4.0] Blocked attempt to add player trololol72 into team friendsChat (expected team: 魹ｿ1A).
16.02.2026 - 20:54:08 - [TAB v5.4.0] Blocked attempt to add player trololol72 into team friendsChat (expected team: 魹ｿ1A).
16.02.2026 - 21:32:27 - [TAB v5.4.0] Blocked attempt to add player trololol72 into team friendsChat (expected team: 魹ｿ1A).
16.02.2026 - 23:48:09 - [TAB v5.4.0] Blocked attempt to add player trololol72 into team friendsChat (expected team: 魹ｿ1A).
17.02.2026 - 00:26:55 - [TAB v5.4.0] Blocked attempt to add player trololol72 into team friendsChat (expected team: 魹ｿ1A).
17.02.2026 - 01:21:54 - [TAB v5.4.0] Blocked attempt to add player trololol72 into team friendsChat (expected team: 魹ｿ1A).
17.02.2026 - 01:47:33 - [TAB v5.4.0] Blocked attempt to add player trololol72 into team friendsChat (expected team: 魹ｿ1A).
17.02.2026 - 02:19:41 - [TAB v5.4.0] Blocked attempt to add player trololol72 into team friendsChat (expected team: 魹ｿ1A).
17.02.2026 - 02:30:04 - [TAB v5.4.0] Blocked attempt to add player trololol72 into team friendsChat (expected team: 魹ｿ1A).
17.02.2026 - 02:38:44 - [TAB v5.4.0] Blocked attempt to add player trololol72 into team friendsChat (expected team: 魹ｿ1A).
17.02.2026 - 02:41:46 - [TAB v5.4.0] Blocked attempt to add player trololol72 into team friendsChat (expected team: 魹ｿ1A).
17.02.2026 - 02:50:23 - [TAB v5.4.0] Blocked attempt to add player trololol72 into team friendsChat (expected team: 魹ｿ1A).
17.02.2026 - 03:10:47 - [TAB v5.4.0] Blocked attempt to add player trololol72 into team friendsChat (expected team: 魹ｿ1A).
17.02.2026 - 11:35:04 - [TAB v5.4.0] Blocked attempt to add player trololol72 into team friendsChat (expected team: 魹ｿ1A).
17.02.2026 - 11:59:37 - [TAB v5.4.0] Blocked attempt to add player trololol72 into team friendsChat (expected team: 魹ｿ1A).
17.02.2026 - 12:25:33 - [TAB v5.4.0] Blocked attempt to add player trololol72 into team friendsChat (expected team: 魹ｿ1A).
17.02.2026 - 13:31:59 - [TAB v5.4.0] Blocked attempt to add player trololol72 into team friendsChat (expected team: 魹ｿ1A).
17.02.2026 - 17:22:37 - [TAB v5.4.0] Blocked attempt to add player trololol72 into team friendsChat (expected team: 魹ｿ1A).
17.02.2026 - 19:30:13 - [TAB v5.4.0] Blocked attempt to add player trololol72 into team friendsChat (expected team: 魹ｿ1A).
17.02.2026 - 21:12:16 - [TAB v5.4.0] Blocked attempt to add player trololol72 into team friendsChat (expected team: 魹ｿ1A).
17.02.2026 - 21:22:27 - [TAB v5.4.0] Blocked attempt to add player trololol72 into team friendsChat (expected team: 魹ｿ1A).
17.02.2026 - 22:47:09 - [TAB v5.4.0] Blocked attempt to add player trololol72 into team friendsChat (expected team: 魹ｿ1A).
17.02.2026 - 22:57:45 - [TAB v5.4.0] Blocked attempt to add player trololol72 into team friendsChat (expected team: 魹ｿ1A).
17.02.2026 - 23:09:58 - [TAB v5.4.0] Blocked attempt to add player trololol72 into team friendsChat (expected team: 魹ｿ1A).
18.02.2026 - 00:32:15 - [TAB v5.4.0] Blocked attempt to add player trololol72 into team friendsChat (expected team: 魹ｿ1A).
18.02.2026 - 00:40:22 - [TAB v5.4.0] Blocked attempt to add player trololol72 into team friendsChat (expected team: 魹ｿ1A).
18.02.2026 - 00:53:21 - [TAB v5.4.0] Blocked attempt to add player trololol72 into team friendsChat (expected team: 魹ｿ1A).
18.02.2026 - 01:09:21 - [TAB v5.4.0] Blocked attempt to add player trololol72 into team friendsChat (expected team: 魹ｿ1A).
18.02.2026 - 01:44:27 - [TAB v5.4.0] Blocked attempt to add player trololol72 into team friendsChat (expected team: 魹ｿ1A).
18.02.2026 - 03:00:44 - [TAB v5.4.0] Blocked attempt to add player trololol72 into team friendsChat (expected team: 魹ｿ1A).
18.02.2026 - 03:40:48 - [TAB v5.4.0] Blocked attempt to add player trololol72 into team friendsChat (expected team: 魹ｿ1A).
18.02.2026 - 04:25:28 - [TAB v5.4.0] Blocked attempt to add player trololol72 into team friendsChat (expected team: 魹ｿ1A).
18.02.2026 - 05:28:49 - [TAB v5.4.0] Blocked attempt to add player trololol72 into team friendsChat (expected team: 魹ｿ1A).
18.02.2026 - 06:53:49 - [TAB v5.4.0] Blocked attempt to add player trololol72 into team friendsChat (expected team: 魹ｿ1A).
18.02.2026 - 07:10:02 - [TAB v5.4.0] Blocked attempt to add player trololol72 into team friendsChat (expected team: 魹ｿ1A).
18.02.2026 - 07:33:59 - [TAB v5.4.0] Blocked attempt to add player trololol72 into team friendsChat (expected team: 魹ｿ1A).
18.02.2026 - 07:45:42 - [TAB v5.4.0] Blocked attempt to add player trololol72 into team friendsChat (expected team: 魹ｿ1A).
18.02.2026 - 07:59:45 - [TAB v5.4.0] Blocked attempt to add player trololol72 into team friendsChat (expected team: 魹ｿ1A).
18.02.2026 - 08:51:36 - [TAB v5.4.0] Blocked attempt to add player trololol72 into team friendsChat (expected team: 魹ｿ1A).
18.02.2026 - 09:15:13 - [TAB v5.4.0] Blocked attempt to add player trololol72 into team friendsChat (expected team: 魹ｿ1A).
18.02.2026 - 09:23:41 - [TAB v5.4.0] Blocked attempt to add player trololol72 into team friendsChat (expected team: 魹ｿ1A).
18.02.2026 - 10:26:02 - [TAB v5.4.0] Blocked attempt to add player trololol72 into team friendsChat (expected team: 魹ｿ1A).
18.02.2026 - 10:51:24 - [TAB v5.4.0] Blocked attempt to add player trololol72 into team friendsChat (expected team: 魹ｿ1A).
18.02.2026 - 12:11:25 - [TAB v5.4.0] Blocked attempt to add player trololol72 into team friendsChat (expected team: 魹ｿ1A).
18.02.2026 - 12:36:39 - [TAB v5.4.0] Blocked attempt to add player trololol72 into team friendsChat (expected team: 魹ｿ1A).
18.02.2026 - 13:55:43 - [TAB v5.4.0] Blocked attempt to add player trololol72 into team friendsChat (expected team: 魹ｿ1A).
18.02.2026 - 14:28:54 - [TAB v5.4.0] Blocked attempt to add player trololol72 into team friendsChat (expected team: 魹ｿ1A).
18.02.2026 - 14:30:58 - [TAB v5.4.0] Blocked attempt to add player hutceh into team friendsChat (expected team: 魹ｿ1B).
18.02.2026 - 14:49:25 - [TAB v5.4.0] Blocked attempt to add player hutceh into team friendsChat (expected team: 魹ｿ1A).
18.02.2026 - 14:52:28 - [TAB v5.4.0] Blocked attempt to add player trololol72 into team friendsChat (expected team: 魹ｿ1B).
18.02.2026 - 14:54:42 - [TAB v5.4.0] Blocked attempt to add player trololol72 into team friendsChat (expected team: 魹ｿ1A).
18.02.2026 - 15:02:27 - [TAB v5.4.0] Blocked attempt to add player trololol72 into team friendsChat (expected team: 魹ｿ1A).
18.02.2026 - 15:07:53 - [TAB v5.4.0] Blocked attempt to add player trololol72 into team friendsChat (expected team: 魹ｿ1A).
18.02.2026 - 15:12:13 - [TAB v5.4.0] Blocked attempt to add player trololol72 into team uniChat (expected team: 魹ｿ1A).
18.02.2026 - 15:13:27 - [TAB v5.4.0] Blocked attempt to add player trololol72 into team friendsChat (expected team: 魹ｿ1A).
18.02.2026 - 15:16:44 - [TAB v5.4.0] Blocked attempt to add player trololol72 into team friendsChat (expected team: 魹ｿ0A).
18.02.2026 - 15:20:10 - [TAB v5.4.0] Blocked attempt to add player hutceh into team friendsChat (expected team: 魹ｿ1A).
18.02.2026 - 15:20:10 - [TAB v5.4.0] Blocked attempt to add player hutceh into team friendsChat (expected team: 魹ｿ1A).
18.02.2026 - 15:22:31 - [TAB v5.4.0] Blocked attempt to add player trololol72 into team uniChat (expected team: 魹ｿ0A).
18.02.2026 - 15:22:48 - [TAB v5.4.0] Blocked attempt to add player hutceh into team friendsChat (expected team: 魹ｿ1A).
18.02.2026 - 15:23:05 - [TAB v5.4.0] Blocked attempt to add player trololol72 into team uniChat (expected team: 魹ｿ0A).
18.02.2026 - 15:25:30 - [TAB v5.4.0] Blocked attempt to add player hutceh into team friendsChat (expected team: 魹ｿ1A).
18.02.2026 - 16:18:17 - [TAB v5.4.0] Blocked attempt to add player trololol72 into team friendsChat (expected team: 魹ｿ1A).
18.02.2026 - 16:25:36 - [TAB v5.4.0] Blocked attempt to add player hutceh into team friendsChat (expected team: 魹ｿ1B).
18.02.2026 - 16:33:39 - [TAB v5.4.0] Blocked attempt to add player trololol72 into team friendsChat (expected team: 魹ｿ1A).
18.02.2026 - 16:33:42 - [TAB v5.4.0] Blocked attempt to add player hutceh into team friendsChat (expected team: 魹ｿ1B).
18.02.2026 - 16:33:42 - [TAB v5.4.0] Blocked attempt to add player hutceh into team friendsChat (expected team: 魹ｿ1B).
18.02.2026 - 17:29:31 - [TAB v5.4.0] Blocked attempt to add player trololol72 into team friendsChat (expected team: 魹ｿ1A).
18.02.2026 - 18:25:14 - [TAB v5.4.0] Blocked attempt to add player trololol72 into team friendsChat (expected team: 魹ｿ1A).
18.02.2026 - 17:37:48 - [TAB v5.4.0] Blocked attempt to add player trololol72 into team friendsChat (expected team: 魹ｿ1A).
18.02.2026 - 17:48:52 - [TAB v5.4.0] Blocked attempt to add player pixellorde into team uniChat (expected team: 魹ｿ0A).
18.02.2026 - 17:48:54 - [TAB v5.4.0] Blocked attempt to add player DonalDucker into team friendsChat (expected team: 魹ｿ1B).
18.02.2026 - 17:48:59 - [TAB v5.4.0] Blocked attempt to add player GoldeNightmar into team uniChat (expected team: 魹ｿ0B).
18.02.2026 - 17:49:01 - [TAB v5.4.0] Blocked attempt to add player sepsepony into team uniChat (expected team: 魹ｿ0C).
18.02.2026 - 17:49:46 - [TAB v5.4.0] Blocked attempt to add player trikovax into team uniChat (expected team: 魹ｿ0D).
18.02.2026 - 17:50:30 - [TAB v5.4.0] Blocked attempt to add player DonalDucker into team friendsChat (expected team: 魹ｿ1B).
18.02.2026 - 17:50:35 - [TAB v5.4.0] Blocked attempt to add player LickMyLeg into team uniChat (expected team: 魹ｿ0E).
18.02.2026 - 17:51:09 - [TAB v5.4.0] Blocked attempt to add player BishBish into team friendsChat (expected team: 魹ｿ1C).
18.02.2026 - 17:51:23 - [TAB v5.4.0] Blocked attempt to add player Baba_Tova into team friendsChat (expected team: 魹ｿ1D).
18.02.2026 - 17:51:32 - [TAB v5.4.0] Blocked attempt to add player Mefanek into team friendsChat (expected team: 魹ｿ1E).
18.02.2026 - 17:53:04 - [TAB v5.4.0] Blocked attempt to add player LickMyLeg into team uniChat (expected team: 魹ｿ0A).
18.02.2026 - 17:53:05 - [TAB v5.4.0] Blocked attempt to add player Baba_Tova into team friendsChat (expected team: 魹ｿ1A).
18.02.2026 - 17:53:06 - [TAB v5.4.0] Blocked attempt to add player pixellorde into team uniChat (expected team: 魹ｿ0B).
18.02.2026 - 17:53:06 - [TAB v5.4.0] Blocked attempt to add player sepsepony into team uniChat (expected team: 魹ｿ0C).
18.02.2026 - 17:53:23 - [TAB v5.4.0] Blocked attempt to add player BishBish into team friendsChat (expected team: 魹ｿ1B).
18.02.2026 - 17:57:40 - [TAB v5.4.0] Blocked attempt to add player trololol72 into team friendsChat (expected team: 魹ｿ1A).
18.02.2026 - 17:58:04 - [TAB v5.4.0] Blocked attempt to add player Mefanek into team friendsChat (expected team: 魹ｿ1B).
18.02.2026 - 17:58:06 - [TAB v5.4.0] Blocked attempt to add player Imashcha1 into team friendsChat (expected team: 魹ｿ1C).
18.02.2026 - 17:58:06 - [TAB v5.4.0] Blocked attempt to add player Imashcha1 into team friendsChat (expected team: 魹ｿ1C).
18.02.2026 - 17:58:12 - [TAB v5.4.0] Blocked attempt to add player BishBish into team friendsChat (expected team: 魹ｿ1D).
18.02.2026 - 17:58:41 - [TAB v5.4.0] Blocked attempt to add player DonalDucker into team uniChat (expected team: 魹ｿ0A).
18.02.2026 - 17:58:43 - [TAB v5.4.0] Blocked attempt to add player sepsepony into team uniChat (expected team: 魹ｿ0B).
18.02.2026 - 17:58:45 - [TAB v5.4.0] Blocked attempt to add player pixellorde into team uniChat (expected team: 魹ｿ0C).
18.02.2026 - 17:58:46 - [TAB v5.4.0] Blocked attempt to add player LickMyLeg into team uniChat (expected team: 魹ｿ0D).
18.02.2026 - 17:58:46 - [TAB v5.4.0] Blocked attempt to add player LickMyLeg into team uniChat (expected team: 魹ｿ0D).
18.02.2026 - 17:58:47 - [TAB v5.4.0] Blocked attempt to add player GoldeNightmar into team uniChat (expected team: 魹ｿ0E).
18.02.2026 - 17:58:50 - [TAB v5.4.0] Blocked attempt to add player trikovax into team uniChat (expected team: 魹ｿ0F).
18.02.2026 - 18:00:44 - [TAB v5.4.0] Blocked attempt to add player Baba_Tova into team friendsChat (expected team: 魹ｿ1E).
18.02.2026 - 18:49:21 - [TAB v5.4.0] Blocked attempt to add player Imashcha1 into team friendsChat (expected team: 魹ｿ1A).
18.02.2026 - 18:49:21 - [TAB v5.4.0] Blocked attempt to add player sepsepony into team uniChat (expected team: 魹ｿ0A).
18.02.2026 - 18:49:21 - [TAB v5.4.0] Blocked attempt to add player pixellorde into team uniChat (expected team: 魹ｿ0B).
18.02.2026 - 18:49:21 - [TAB v5.4.0] Blocked attempt to add player DonalDucker into team uniChat (expected team: 魹ｿ0C).
18.02.2026 - 18:49:21 - [TAB v5.4.0] Blocked attempt to add player Mefanek into team friendsChat (expected team: 魹ｿ1B).
18.02.2026 - 18:49:23 - [TAB v5.4.0] Blocked attempt to add player GoldeNightmar into team uniChat (expected team: 魹ｿ0D).
18.02.2026 - 18:49:29 - [TAB v5.4.0] Blocked attempt to add player trololol72 into team friendsChat (expected team: 魹ｿ1C).
18.02.2026 - 18:49:29 - [TAB v5.4.0] Blocked attempt to add player LickMyLeg into team uniChat (expected team: 魹ｿ0E).
18.02.2026 - 18:53:08 - [TAB v5.4.0] Blocked attempt to add player BishBish into team friendsChat (expected team: 魹ｿ1D).
18.02.2026 - 18:55:38 - [TAB v5.4.0] Blocked attempt to add player Baba_Tova into team friendsChat (expected team: 魹ｿ1E).
18.02.2026 - 19:53:04 - [TAB v5.4.0] Blocked attempt to add player trololol72 into team friendsChat (expected team: 魹ｿ1C).
18.02.2026 - 20:32:56 - [TAB v5.4.0] Blocked attempt to add player Baba_Tova into team friendsChat (expected team: 魹ｿ1A).
18.02.2026 - 20:48:50 - [TAB v5.4.0] Blocked attempt to add player trololol72 into team friendsChat (expected team: 魹ｿ1B).
18.02.2026 - 21:02:17 - [TAB v5.4.0] Blocked attempt to add player Baba_Tova into team friendsChat (expected team: 魹ｿ1A).
19.02.2026 - 12:00:53 - [TAB v5.4.0] Blocked attempt to add player pixellorde into team uniChat (expected team: 魹ｿ0A).
19.02.2026 - 12:01:31 - [TAB v5.4.0] Blocked attempt to add player LickMyLeg into team uniChat (expected team: 魹ｿ0B).
19.02.2026 - 12:28:24 - [TAB v5.4.0] Blocked attempt to add player DonalDucker into team uniChat (expected team: 魹ｿ0C).
19.02.2026 - 12:29:56 - [TAB v5.4.0] Blocked attempt to add player trololol72 into team friendsChat (expected team: 魹ｿ1A).
19.02.2026 - 13:04:59 - [TAB v5.4.0] Blocked attempt to add player pixellorde into team uniChat (expected team: 魹ｿ0A).
19.02.2026 - 13:04:59 - [TAB v5.4.0] Blocked attempt to add player LickMyLeg into team uniChat (expected team: 魹ｿ0B).
19.02.2026 - 13:05:07 - [TAB v5.4.0] Blocked attempt to add player trololol72 into team friendsChat (expected team: 魹ｿ1A).
19.02.2026 - 13:10:11 - [TAB v5.4.0] Blocked attempt to add player DonalDucker into team uniChat (expected team: 魹ｿ0C).
19.02.2026 - 13:28:16 - [TAB v5.4.0] Blocked attempt to add player pixellorde into team uniChat (expected team: 魹ｿ0A).
19.02.2026 - 13:28:16 - [TAB v5.4.0] Blocked attempt to add player DonalDucker into team uniChat (expected team: 魹ｿ0B).
19.02.2026 - 13:28:16 - [TAB v5.4.0] Blocked attempt to add player LickMyLeg into team uniChat (expected team: 魹ｿ0C).
19.02.2026 - 13:33:00 - [TAB v5.4.0] Blocked attempt to add player trololol72 into team friendsChat (expected team: 魹ｿ1A).
19.02.2026 - 14:37:15 - [TAB v5.4.0] Blocked attempt to add player trololol72 into team friendsChat (expected team: 魹ｿ1A).
19.02.2026 - 16:41:19 - [TAB v5.4.0] Blocked attempt to add player DonalDucker into team uniChat (expected team: 魹ｿ0A).
19.02.2026 - 16:44:13 - [TAB v5.4.0] Blocked attempt to add player sepsepony into team uniChat (expected team: 魹ｿ0B).
19.02.2026 - 16:55:24 - [TAB v5.4.0] Blocked attempt to add player pixellorde into team uniChat (expected team: 魹ｿ0C).
19.02.2026 - 17:07:57 - [TAB v5.4.0] Blocked attempt to add player LickMyLeg into team uniChat (expected team: 魹ｿ0A).
19.02.2026 - 21:15:13 - [TAB v5.4.0] Blocked attempt to add player sepsepony into team uniChat (expected team: 魹ｿ0B).
19.02.2026 - 22:36:27 - [TAB v5.4.0] Blocked attempt to add player pixellorde into team uniChat (expected team: 魹ｿ0C).
20.02.2026 - 00:53:22 - [TAB v5.4.0] Blocked attempt to add player matan_cyrus into team friendsChat (expected team: 魹ｿ1A).
20.02.2026 - 00:54:29 - [TAB v5.4.0] Blocked attempt to add player trololol72 into team friendsChat (expected team: 魹ｿ1B).
20.02.2026 - 01:37:31 - [TAB v5.4.0] Blocked attempt to add player matan_cyrus into team friendsChat (expected team: 魹ｿ1A).
20.02.2026 - 03:13:56 - [TAB v5.4.0] Blocked attempt to add player trololol72 into team friendsChat (expected team: 魹ｿ1A).
20.02.2026 - 04:19:22 - [TAB v5.4.0] Blocked attempt to add player trololol72 into team friendsChat (expected team: 魹ｿ1A).
20.02.2026 - 08:02:11 - [TAB v5.4.0] Blocked attempt to add player DonalDucker into team uniChat (expected team: 魹ｿ0A).
20.02.2026 - 08:07:40 - [TAB v5.4.0] Blocked attempt to add player LickMyLeg into team uniChat (expected team: 魹ｿ0B).
20.02.2026 - 09:42:12 - [TAB v5.4.0] Blocked attempt to add player sepsepony into team uniChat (expected team: 魹ｿ0C).
20.02.2026 - 10:22:18 - [TAB v5.4.0] Blocked attempt to add player Imashcha1 into team friendsChat (expected team: 魹ｿ1A).
20.02.2026 - 10:54:59 - [TAB v5.4.0] Blocked attempt to add player trololol72 into team friendsChat (expected team: 魹ｿ1B).
20.02.2026 - 10:54:59 - [TAB v5.4.0] Blocked attempt to add player trololol72 into team friendsChat (expected team: 魹ｿ1B).
20.02.2026 - 13:29:46 - [TAB v5.4.0] Blocked attempt to add player BishBish into team friendsChat (expected team: 魹ｿ1C).
20.02.2026 - 13:44:32 - [TAB v5.4.0] Blocked attempt to add player BishBish into team friendsChat (expected team: 魹ｿ1B).
20.02.2026 - 13:47:07 - [TAB v5.4.0] Blocked attempt to add player trololol72 into team friendsChat (expected team: 魹ｿ1B).
20.02.2026 - 13:47:33 - [TAB v5.4.0] Blocked attempt to add player BishBish into team friendsChat (expected team: 魹ｿ1B).
20.02.2026 - 13:47:36 - [TAB v5.4.0] Blocked attempt to add player LickMyLeg into team uniChat (expected team: 魹ｿ0A).
20.02.2026 - 13:47:55 - [TAB v5.4.0] Blocked attempt to add player pixellorde into team uniChat (expected team: 魹ｿ0B).
20.02.2026 - 13:48:10 - [TAB v5.4.0] Blocked attempt to add player DonalDucker into team uniChat (expected team: 魹ｿ0C).
20.02.2026 - 13:51:08 - [TAB v5.4.0] Blocked attempt to add player BishBish into team friendsChat (expected team: 魹ｿ1B).
20.02.2026 - 13:55:36 - [TAB v5.4.0] Blocked attempt to add player trololol72 into team friendsChat (expected team: 魹ｿ1C).
20.02.2026 - 13:55:36 - [TAB v5.4.0] Blocked attempt to add player trololol72 into team friendsChat (expected team: 魹ｿ1C).
20.02.2026 - 14:01:41 - [TAB v5.4.0] Blocked attempt to add player accuret into team friendsChat (expected team: 魹ｿ1A).
20.02.2026 - 14:03:08 - [TAB v5.4.0] Blocked attempt to add player trololol72 into team friendsChat (expected team: 魹ｿ1C).
20.02.2026 - 14:10:40 - [TAB v5.4.0] Blocked attempt to add player trololol72 into team friendsChat (expected team: 魹ｿ1B).
20.02.2026 - 14:59:26 - [TAB v5.4.0] Blocked attempt to add player DonalDucker into team uniChat (expected team: 魹ｿ0C).
20.02.2026 - 15:10:09 - [TAB v5.4.0] Blocked attempt to add player sepsepony into team uniChat (expected team: 魹ｿ0B).
20.02.2026 - 15:21:15 - [TAB v5.4.0] Blocked attempt to add player trololol72 into team friendsChat (expected team: 魹ｿ1B).
20.02.2026 - 15:51:57 - [TAB v5.4.0] Blocked attempt to add player accuret into team friendsChat (expected team: 魹ｿ1A).
20.02.2026 - 15:52:01 - [TAB v5.4.0] Blocked attempt to add player trololol72 into team friendsChat (expected team: 魹ｿ1B).
20.02.2026 - 15:52:27 - [TAB v5.4.0] Blocked attempt to add player LickMyLeg into team uniChat (expected team: 魹ｿ0A).
20.02.2026 - 16:55:05 - [TAB v5.4.0] Blocked attempt to add player trololol72 into team friendsChat (expected team: 魹ｿ1A).
20.02.2026 - 17:36:07 - [TAB v5.4.0] Blocked attempt to add player accuret into team friendsChat (expected team: 魹ｿ1A).
20.02.2026 - 18:18:31 - [TAB v5.4.0] Blocked attempt to add player Baba_Tova into team friendsChat (expected team: 魹ｿ1A).
20.02.2026 - 18:34:13 - [TAB v5.4.0] Blocked attempt to add player DonalDucker into team uniChat (expected team: 魹ｿ0A).
20.02.2026 - 18:36:04 - [TAB v5.4.0] Blocked attempt to add player Baba_Tova into team friendsChat (expected team: 魹ｿ1A).
20.02.2026 - 18:48:51 - [TAB v5.4.0] Blocked attempt to add player LickMyLeg into team uniChat (expected team: 魹ｿ0B).
20.02.2026 - 19:12:31 - [TAB v5.4.0] Blocked attempt to add player trololol72 into team friendsChat (expected team: 魹ｿ1B).
20.02.2026 - 19:15:20 - [TAB v5.4.0] Blocked attempt to add player Baba_Tova into team friendsChat (expected team: 魹ｿ1A).
20.02.2026 - 19:19:22 - [TAB v5.4.0] Blocked attempt to add player trololol72 into team friendsChat (expected team: 魹ｿ1B).
20.02.2026 - 19:29:44 - [TAB v5.4.0] Blocked attempt to add player accuret into team friendsChat (expected team: 魹ｿ1C).
20.02.2026 - 19:31:03 - [TAB v5.4.0] Blocked attempt to add player BishBish into team friendsChat (expected team: 魹ｿ1D).
20.02.2026 - 19:53:20 - [TAB v5.4.0] Blocked attempt to add player sepsepony into team uniChat (expected team: 魹ｿ0A).
20.02.2026 - 19:53:59 - [TAB v5.4.0] Blocked attempt to add player Baba_Tova into team friendsChat (expected team: 魹ｿ1A).
20.02.2026 - 20:12:32 - [TAB v5.4.0] Blocked attempt to add player DonalDucker into team uniChat (expected team: 魹ｿ0B).
20.02.2026 - 20:22:41 - [TAB v5.4.0] Blocked attempt to add player pixellorde into team uniChat (expected team: 魹ｿ0C).
20.02.2026 - 21:00:48 - [TAB v5.4.0] Blocked attempt to add player BishBish into team friendsChat (expected team: 魹ｿ1D).
20.02.2026 - 22:55:48 - [TAB v5.4.0] Blocked attempt to add player LickMyLeg into team uniChat (expected team: 魹ｿ0B).
20.02.2026 - 23:14:56 - [TAB v5.4.0] Blocked attempt to add player trololol72 into team friendsChat (expected team: 魹ｿ1A).
21.02.2026 - 01:22:34 - [TAB v5.4.0] Blocked attempt to add player trololol72 into team friendsChat (expected team: 魹ｿ1A).
21.02.2026 - 01:30:28 - [TAB v5.4.0] Blocked attempt to add player trololol72 into team friendsChat (expected team: 魹ｿ1A).
21.02.2026 - 01:46:18 - [TAB v5.4.0] Blocked attempt to add player trololol72 into team friendsChat (expected team: 魹ｿ1A).
21.02.2026 - 02:10:36 - [TAB v5.4.0] Blocked attempt to add player trololol72 into team friendsChat (expected team: 魹ｿ1A).
21.02.2026 - 08:05:09 - [TAB v5.4.0] Blocked attempt to add player Baba_Tova into team friendsChat (expected team: 魹ｿ1A).
21.02.2026 - 10:23:08 - [TAB v5.4.0] Blocked attempt to add player DonalDucker into team uniChat (expected team: 魹ｿ0A).
21.02.2026 - 10:26:00 - [TAB v5.4.0] Blocked attempt to add player trololol72 into team friendsChat (expected team: 魹ｿ1A).
21.02.2026 - 11:15:21 - [TAB v5.4.0] Blocked attempt to add player trololol72 into team friendsChat (expected team: 魹ｿ1A).
21.02.2026 - 11:45:12 - [TAB v5.4.0] Blocked attempt to add player pixellorde into team uniChat (expected team: 魹ｿ0A).
21.02.2026 - 12:32:17 - [TAB v5.4.0] Blocked attempt to add player Baba_Tova into team friendsChat (expected team: 魹ｿ1A).
21.02.2026 - 13:07:08 - [TAB v5.4.0] Blocked attempt to add player LickMyLeg into team uniChat (expected team: 魹ｿ0A).
21.02.2026 - 13:48:40 - [TAB v5.4.0] Blocked attempt to add player DonalDucker into team uniChat (expected team: 魹ｿ0B).
21.02.2026 - 13:51:32 - [TAB v5.4.0] Blocked attempt to add player Baba_Tova into team friendsChat (expected team: 魹ｿ1A).
21.02.2026 - 13:58:56 - [TAB v5.4.0] Blocked attempt to add player pixellorde into team uniChat (expected team: 魹ｿ0C).
21.02.2026 - 14:21:10 - [TAB v5.4.0] Blocked attempt to add player Baba_Tova into team friendsChat (expected team: 魹ｿ1A).
21.02.2026 - 14:34:45 - [TAB v5.4.0] Blocked attempt to add player sepsepony into team uniChat (expected team: 魹ｿ0B).
21.02.2026 - 16:01:11 - [TAB v5.4.0] Blocked attempt to add player LickMyLeg into team uniChat (expected team: 魹ｿ0A).
21.02.2026 - 16:18:29 - [TAB v5.4.0] Blocked attempt to add player sepsepony into team uniChat (expected team: 魹ｿ0B).
21.02.2026 - 16:31:11 - [TAB v5.4.0] Blocked attempt to add player DonalDucker into team uniChat (expected team: 魹ｿ0C).
21.02.2026 - 17:14:23 - [TAB v5.4.0] Blocked attempt to add player Imashcha1 into team friendsChat (expected team: 魹ｿ1A).
21.02.2026 - 17:30:40 - [TAB v5.4.0] Blocked attempt to add player Baba_Tova into team friendsChat (expected team: 魹ｿ1B).
21.02.2026 - 17:50:21 - [TAB v5.4.0] Blocked attempt to add player trololol72 into team friendsChat (expected team: 魹ｿ1B).
21.02.2026 - 17:52:11 - [TAB v5.4.0] Blocked attempt to add player Baba_Tova into team friendsChat (expected team: 魹ｿ1C).
21.02.2026 - 18:03:45 - [TAB v5.4.0] Blocked attempt to add player sepsepony into team uniChat (expected team: 魹ｿ0A).
21.02.2026 - 18:14:19 - [TAB v5.4.0] Blocked attempt to add player trololol72 into team friendsChat (expected team: 魹ｿ1B).
21.02.2026 - 18:21:52 - [TAB v5.4.0] Blocked attempt to add player Baba_Tova into team friendsChat (expected team: 魹ｿ1B).
21.02.2026 - 18:30:41 - [TAB v5.4.0] Blocked attempt to add player LickMyLeg into team uniChat (expected team: 魹ｿ0B).
21.02.2026 - 18:39:34 - [TAB v5.4.0] Blocked attempt to add player BishBish into team friendsChat (expected team: 魹ｿ1A).
21.02.2026 - 18:40:30 - [TAB v5.4.0] Blocked attempt to add player Baba_Tova into team friendsChat (expected team: 魹ｿ1B).
21.02.2026 - 19:41:25 - [TAB v5.4.0] Blocked attempt to add player DonalDucker into team uniChat (expected team: 魹ｿ0A).
21.02.2026 - 20:00:03 - [TAB v5.4.0] Blocked attempt to add player sepsepony into team uniChat (expected team: 魹ｿ0B).
21.02.2026 - 20:00:32 - [TAB v5.4.0] Blocked attempt to add player trololol72 into team friendsChat (expected team: 魹ｿ1A).
21.02.2026 - 20:02:43 - [TAB v5.4.0] Blocked attempt to add player pixellorde into team uniChat (expected team: 魹ｿ0C).
21.02.2026 - 21:30:27 - [TAB v5.4.0] Blocked attempt to add player Imashcha1 into team friendsChat (expected team: 魹ｿ1A).
21.02.2026 - 22:03:30 - [TAB v5.4.0] Blocked attempt to add player trololol72 into team friendsChat (expected team: 魹ｿ1B).
21.02.2026 - 22:03:30 - [TAB v5.4.0] Blocked attempt to add player trololol72 into team friendsChat (expected team: 魹ｿ1B).
21.02.2026 - 22:43:06 - [TAB v5.4.0] Blocked attempt to add player LickMyLeg into team uniChat (expected team: 魹ｿ0A).
21.02.2026 - 22:43:06 - [TAB v5.4.0] Blocked attempt to add player LickMyLeg into team uniChat (expected team: 魹ｿ0A).
21.02.2026 - 22:47:57 - [TAB v5.4.0] Blocked attempt to add player trololol72 into team friendsChat (expected team: 魹ｿ1B).
21.02.2026 - 23:01:37 - [TAB v5.4.0] Blocked attempt to add player trololol72 into team uniChat (expected team: 魹ｿ1B).
22.02.2026 - 01:56:35 - [TAB v5.4.0] Blocked attempt to add player trololol72 into team friendsChat (expected team: 魹ｿ1A).
22.02.2026 - 02:04:17 - [TAB v5.4.0] Blocked attempt to add player trololol72 into team friendsChat (expected team: 魹ｿ1A).
22.02.2026 - 07:49:57 - [TAB v5.4.0] Blocked attempt to add player LickMyLeg into team uniChat (expected team: 魹ｿ0A).
22.02.2026 - 08:17:12 - [TAB v5.4.0] Blocked attempt to add player DonalDucker into team uniChat (expected team: 魹ｿ0A).
22.02.2026 - 10:54:49 - [TAB v5.4.0] Blocked attempt to add player LickMyLeg into team uniChat (expected team: 魹ｿ0A).
22.02.2026 - 11:01:12 - [TAB v5.4.0] Blocked attempt to add player trololol72 into team friendsChat (expected team: 魹ｿ1A).
22.02.2026 - 12:51:01 - [TAB v5.4.0] Blocked attempt to add player Mefanek into team friendsChat (expected team: 魹ｿ1B).
22.02.2026 - 13:17:31 - [TAB v5.4.0] Blocked attempt to add player DonalDucker into team uniChat (expected team: 魹ｿ0A).
22.02.2026 - 13:38:19 - [TAB v5.4.0] Blocked attempt to add player Mefanek into team friendsChat (expected team: 魹ｿ1A).
22.02.2026 - 13:43:49 - [TAB v5.4.0] Blocked attempt to add player trololol72 into team friendsChat (expected team: 魹ｿ1B).
22.02.2026 - 14:19:47 - [TAB v5.4.0] Blocked attempt to add player sepsepony into team uniChat (expected team: 魹ｿ0A).
22.02.2026 - 14:21:19 - [TAB v5.4.0] Blocked attempt to add player LickMyLeg into team uniChat (expected team: 魹ｿ0B).
22.02.2026 - 14:41:09 - [TAB v5.4.0] Blocked attempt to add player trololol72 into team friendsChat (expected team: 魹ｿ1B).
22.02.2026 - 14:42:12 - [TAB v5.4.0] Blocked attempt to add player DonalDucker into team uniChat (expected team: 魹ｿ0C).
22.02.2026 - 14:50:00 - [TAB v5.4.0] Blocked attempt to add player trololol72 into team friendsChat (expected team: 魹ｿ1B).
22.02.2026 - 16:17:41 - [TAB v5.4.0] Blocked attempt to add player trololol72 into team friendsChat (expected team: 魹ｿ1A).
22.02.2026 - 16:28:26 - [TAB v5.4.0] Blocked attempt to add player Mefanek into team friendsChat (expected team: 魹ｿ1A).
22.02.2026 - 17:17:49 - [TAB v5.4.0] Blocked attempt to add player LickMyLeg into team uniChat (expected team: 魹ｿ0A).
22.02.2026 - 18:12:54 - [TAB v5.4.0] Blocked attempt to add player Baba_Tova into team friendsChat (expected team: 魹ｿ1A).
22.02.2026 - 18:39:38 - [TAB v5.4.0] Blocked attempt to add player sepsepony into team uniChat (expected team: 魹ｿ0A).
22.02.2026 - 18:39:49 - [TAB v5.4.0] Blocked attempt to add player LickMyLeg into team uniChat (expected team: 魹ｿ0B).
22.02.2026 - 18:58:22 - [TAB v5.4.0] Blocked attempt to add player Baba_Tova into team friendsChat (expected team: 魹ｿ1A).
22.02.2026 - 19:02:35 - [TAB v5.4.0] Blocked attempt to add player trololol72 into team friendsChat (expected team: 魹ｿ1B).
22.02.2026 - 19:02:49 - [TAB v5.4.0] Blocked attempt to add player DonalDucker into team uniChat (expected team: 魹ｿ0C).
22.02.2026 - 19:03:02 - [TAB v5.4.0] Blocked attempt to add player pixellorde into team uniChat (expected team: 魹ｿ0D).
22.02.2026 - 19:14:51 - [TAB v5.4.0] Blocked attempt to add player sepsepony into team uniChat (expected team: 魹ｿ0A).
22.02.2026 - 19:14:51 - [TAB v5.4.0] Blocked attempt to add player Baba_Tova into team friendsChat (expected team: 魹ｿ1A).
22.02.2026 - 19:14:52 - [TAB v5.4.0] Blocked attempt to add player pixellorde into team uniChat (expected team: 魹ｿ0B).
22.02.2026 - 19:16:54 - [TAB v5.4.0] Blocked attempt to add player accuret into team friendsChat (expected team: 魹ｿ1B).
22.02.2026 - 19:17:26 - [TAB v5.4.0] Blocked attempt to add player trololol72 into team friendsChat (expected team: 魹ｿ1B).
22.02.2026 - 19:18:08 - [TAB v5.4.0] Blocked attempt to add player DonalDucker into team uniChat (expected team: 魹ｿ0C).
22.02.2026 - 19:19:46 - [TAB v5.4.0] Blocked attempt to add player LickMyLeg into team uniChat (expected team: 魹ｿ0D).
22.02.2026 - 19:27:29 - [TAB v5.4.0] Blocked attempt to add player Baba_Tova into team uniChat (expected team: 魹ｿ1A).
22.02.2026 - 19:35:35 - [TAB v5.4.0] Blocked attempt to add player Baba_Tova into team friendsChat (expected team: 魹ｿ1A).
22.02.2026 - 20:31:40 - [TAB v5.4.0] Blocked attempt to add player pixellorde into team uniChat (expected team: 魹ｿ0A).
22.02.2026 - 20:36:15 - [TAB v5.4.0] Blocked attempt to add player Mefanek into team friendsChat (expected team: 魹ｿ1B).
22.02.2026 - 20:49:58 - [TAB v5.4.0] Blocked attempt to add player trololol72 into team friendsChat (expected team: 魹ｿ1C).
22.02.2026 - 21:01:04 - [TAB v5.4.0] Blocked attempt to add player Imashcha1 into team friendsChat (expected team: 魹ｿ1C).
22.02.2026 - 21:18:39 - [TAB v5.4.0] Blocked attempt to add player Baba_Tova into team friendsChat (expected team: 魹ｿ1A).
22.02.2026 - 21:31:18 - [TAB v5.4.0] Blocked attempt to add player trololol72 into team friendsChat (expected team: 魹ｿ1A).
22.02.2026 - 21:38:49 - [TAB v5.4.0] Blocked attempt to add player Mefanek into team friendsChat (expected team: 魹ｿ1B).
22.02.2026 - 22:26:31 - [TAB v5.4.0] Blocked attempt to add player LickMyLeg into team uniChat (expected team: 魹ｿ0A).
22.02.2026 - 23:26:45 - [TAB v5.4.0] Blocked attempt to add player Mefanek into team friendsChat (expected team: 魹ｿ1B).
22.02.2026 - 23:58:28 - [TAB v5.4.0] Blocked attempt to add player Mefanek into team friendsChat (expected team: 魹ｿ1A).
22.02.2026 - 23:58:30 - [TAB v5.4.0] Blocked attempt to add player trololol72 into team friendsChat (expected team: 魹ｿ1B).
23.02.2026 - 01:58:47 - [TAB v5.4.0] Blocked attempt to add player Mefanek into team friendsChat (expected team: 魹ｿ1A).
23.02.2026 - 07:08:16 - [TAB v5.4.0] Blocked attempt to add player trololol72 into team friendsChat (expected team: 魹ｿ1A).
23.02.2026 - 07:59:26 - [TAB v5.4.0] Blocked attempt to add player LickMyLeg into team uniChat (expected team: 魹ｿ0A).
23.02.2026 - 10:24:33 - [TAB v5.4.0] Blocked attempt to add player DonalDucker into team uniChat (expected team: 魹ｿ0A).
23.02.2026 - 10:27:04 - [TAB v5.4.0] Blocked attempt to add player LickMyLeg into team uniChat (expected team: 魹ｿ0B).
23.02.2026 - 12:11:36 - [TAB v5.4.0] Blocked attempt to add player trololol72 into team friendsChat (expected team: 魹ｿ1A).
23.02.2026 - 14:04:20 - [TAB v5.4.0] Blocked attempt to add player LickMyLeg into team uniChat (expected team: 魹ｿ0A).
23.02.2026 - 14:32:52 - [TAB v5.4.0] Blocked attempt to add player DonalDucker into team uniChat (expected team: 魹ｿ0B).
23.02.2026 - 14:42:14 - [TAB v5.4.0] Blocked attempt to add player Mefanek into team friendsChat (expected team: 魹ｿ1B).
23.02.2026 - 15:58:11 - [TAB v5.4.0] Blocked attempt to add player DonalDucker into team uniChat (expected team: 魹ｿ0A).
23.02.2026 - 16:06:05 - [TAB v5.4.0] Blocked attempt to add player Mefanek into team friendsChat (expected team: 魹ｿ1A).
23.02.2026 - 16:20:51 - [TAB v5.4.0] Blocked attempt to add player DonalDucker into team uniChat (expected team: 魹ｿ0A).
23.02.2026 - 17:00:37 - [TAB v5.4.0] Blocked attempt to add player LickMyLeg into team uniChat (expected team: 魹ｿ0B).
23.02.2026 - 17:14:51 - [TAB v5.4.0] Blocked attempt to add player DonalDucker into team uniChat (expected team: 魹ｿ0A).
23.02.2026 - 17:18:08 - [TAB v5.4.0] Blocked attempt to add player LickMyLeg into team uniChat (expected team: 魹ｿ0B).
23.02.2026 - 18:34:57 - [TAB v5.4.0] Blocked attempt to add player LickMyLeg into team uniChat (expected team: 魹ｿ0A).
23.02.2026 - 19:28:40 - [TAB v5.4.0] Blocked attempt to add player trololol72 into team friendsChat (expected team: 魹ｿ1A).
23.02.2026 - 19:28:40 - [TAB v5.4.0] Blocked attempt to add player trololol72 into team friendsChat (expected team: 魹ｿ1A).
23.02.2026 - 19:32:14 - [TAB v5.4.0] Blocked attempt to add player DonalDucker into team uniChat (expected team: 魹ｿ0B).
23.02.2026 - 19:46:02 - [TAB v5.4.0] Blocked attempt to add player sepsepony into team uniChat (expected team: 魹ｿ0C).
23.02.2026 - 20:17:08 - [TAB v5.4.0] Blocked attempt to add player trololol72 into team friendsChat (expected team: 魹ｿ1A).
23.02.2026 - 22:23:29 - [TAB v5.4.0] Blocked attempt to add player sepsepony into team uniChat (expected team: 魹ｿ0A).
23.02.2026 - 22:23:33 - [TAB v5.4.0] Blocked attempt to add player LickMyLeg into team uniChat (expected team: 魹ｿ0B).
23.02.2026 - 22:31:02 - [TAB v5.4.0] Blocked attempt to add player trololol72 into team friendsChat (expected team: 魹ｿ1A).
23.02.2026 - 22:35:02 - [TAB v5.4.0] Blocked attempt to add player Mefanek into team friendsChat (expected team: 魹ｿ1B).
23.02.2026 - 23:36:04 - [TAB v5.4.0] Blocked attempt to add player trololol72 into team friendsChat (expected team: 魹ｿ1A).
24.02.2026 - 00:23:19 - [TAB v5.4.0] Blocked attempt to add player Mefanek into team friendsChat (expected team: 魹ｿ1B).
24.02.2026 - 06:48:14 - [TAB v5.4.0] Blocked attempt to add player Baba_Tova into team friendsChat (expected team: 魹ｿ1A).
24.02.2026 - 07:49:13 - [TAB v5.4.0] Blocked attempt to add player LickMyLeg into team uniChat (expected team: 魹ｿ0A).
24.02.2026 - 11:35:04 - [TAB v5.4.0] Blocked attempt to add player DonalDucker into team uniChat (expected team: 魹ｿ0B).
24.02.2026 - 16:20:26 - [TAB v5.4.0] Blocked attempt to add player LickMyLeg into team uniChat (expected team: 魹ｿ0A).
24.02.2026 - 18:37:27 - [TAB v5.4.0] Blocked attempt to add player sepsepony into team uniChat (expected team: 魹ｿ0A).
24.02.2026 - 18:44:56 - [TAB v5.4.0] Blocked attempt to add player LickMyLeg into team uniChat (expected team: 魹ｿ0B).
24.02.2026 - 19:28:05 - [TAB v5.4.0] Blocked attempt to add player DonalDucker into team uniChat (expected team: 魹ｿ0C).
24.02.2026 - 20:34:24 - [TAB v5.4.0] Blocked attempt to add player trololol72 into team friendsChat (expected team: 魹ｿ1A).
24.02.2026 - 20:47:05 - [TAB v5.4.0] Blocked attempt to add player Imashcha1 into team friendsChat (expected team: 魹ｿ1B).
24.02.2026 - 20:57:45 - [TAB v5.4.0] Blocked attempt to add player DonalDucker into team uniChat (expected team: 魹ｿ0C).
24.02.2026 - 22:00:36 - [TAB v5.4.0] Blocked attempt to add player trololol72 into team friendsChat (expected team: 魹ｿ1A).
25.02.2026 - 01:44:37 - [TAB v5.4.0] Blocked attempt to add player trololol72 into team friendsChat (expected team: 魹ｿ1A).
25.02.2026 - 01:52:22 - [TAB v5.4.0] Blocked attempt to add player trololol72 into team friendsChat (expected team: 魹ｿ1A).
24.02.2026 - 23:57:08 - [TAB v5.4.0] Blocked attempt to add player trololol72 into team friendsChat (expected team: 魹ｿ1A).
25.02.2026 - 07:41:58 - [TAB v5.4.0] Blocked attempt to add player LickMyLeg into team uniChat (expected team: 魹ｿ0A).
25.02.2026 - 10:38:35 - [TAB v5.4.0] Blocked attempt to add player DonalDucker into team uniChat (expected team: 魹ｿ0A).
25.02.2026 - 10:42:10 - [TAB v5.4.0] Blocked attempt to add player LickMyLeg into team uniChat (expected team: 魹ｿ0B).
25.02.2026 - 11:31:35 - [TAB v5.4.0] Blocked attempt to add player LickMyLeg into team uniChat (expected team: 魹ｿ0A).
25.02.2026 - 11:56:02 - [TAB v5.4.0] Blocked attempt to add player trololol72 into team friendsChat (expected team: 魹ｿ1A).
25.02.2026 - 14:18:20 - [TAB v5.4.0] Blocked attempt to add player trololol72 into team friendsChat (expected team: 魹ｿ1A).
25.02.2026 - 12:26:12 - [TAB v5.4.0] Blocked attempt to add player LickMyLeg into team uniChat (expected team: 魹ｿ0A).
25.02.2026 - 12:28:14 - [TAB v5.4.0] Blocked attempt to add player trololol72 into team friendsChat (expected team: 魹ｿ1A).
25.02.2026 - 15:07:44 - [TAB v5.4.0] Blocked attempt to add player DonalDucker into team uniChat (expected team: 魹ｿ0A).
25.02.2026 - 17:08:24 - [TAB v5.4.0] Blocked attempt to add player trololol72 into team friendsChat (expected team: 魹ｿ1A).
25.02.2026 - 21:49:22 - [TAB v5.4.0] Blocked attempt to add player trololol72 into team friendsChat (expected team: 魹ｿ1A).
25.02.2026 - 22:00:12 - [TAB v5.4.0] Blocked attempt to add player trololol72 into team friendsChat (expected team: 魹ｿ1A).
26.02.2026 - 01:09:55 - [TAB v5.4.0] Blocked attempt to add player trololol72 into team friendsChat (expected team: 魹ｿ1A).
26.02.2026 - 01:16:49 - [TAB v5.4.0] Blocked attempt to add player trololol72 into team friendsChat (expected team: 魹ｿ1A).
26.02.2026 - 02:32:36 - [TAB v5.4.0] Blocked attempt to add player trololol72 into team friendsChat (expected team: 魹ｿ1A).
26.02.2026 - 22:35:04 - [TAB v5.4.0] Blocked attempt to add player trololol72 into team friendsChat (expected team: 魹ｿ1A).
26.02.2026 - 22:38:29 - [TAB v5.4.0] Blocked attempt to add player trololol72 into team friendsChat (expected team: 魹ｿ1A).
26.02.2026 - 22:41:04 - [TAB v5.4.0] Blocked attempt to add player trololol72 into team friendsChat (expected team: 魹ｿ1A).
26.02.2026 - 23:07:09 - [TAB v5.4.0] Blocked attempt to add player trololol72 into team friendsChat (expected team: 魹ｿ1A).
26.02.2026 - 23:27:53 - [TAB v5.4.0] Blocked attempt to add player trololol72 into team friendsChat (expected team: 魹ｿ1A).
27.02.2026 - 00:18:51 - [TAB v5.4.0] Blocked attempt to add player trololol72 into team friendsChat (expected team: 魹ｿ1A).
